#
# A fatal error has been detected by the Java Runtime Environment:
#
#  SIGSEGV (0xb) at pc=0x00007ff81344641d, pid=5014, tid=0x0000000000000103
#
# JRE version: Java(TM) SE Runtime Environment (8.0_202-b08) (build 1.8.0_202-b08)
# Java VM: Java HotSpot(TM) 64-Bit Server VM (25.202-b08 mixed mode bsd-amd64 compressed oops)
# Problematic frame:
# C  [libobjc.A.dylib+0x641d]  objc_msgSend+0x1d
#
# Failed to write core dump. Core dumps have been disabled. To enable core dumping, try "ulimit -c unlimited" before starting Java again
#
# If you would like to submit a bug report, please visit:
#   http://bugreport.java.com/bugreport/crash.jsp
# The crash happened outside the Java Virtual Machine in native code.
# See problematic frame for where to report the bug.
#

---------------  T H R E A D  ---------------

Current thread (0x00007f9663893800):  JavaThread "AWT-AppKit" daemon [_thread_in_native, id=259, stack(0x00007ff7bdba3000,0x00007ff7be3a3000)]

siginfo: si_signo: 11 (SIGSEGV), si_code: 1 (SEGV_MAPERR), si_addr: 0x0000206c93ab2c98

Registers:
RAX=0x00006000004e8960, RBX=0x0000000151894450, RCX=0x0000000000000000, RDX=0x0000000000000001
RSP=0x00007ff7be39e268, RBP=0x00007ff7be39e320, RSI=0x00007ff82da5305d, RDI=0x0000600002762c80
R8 =0x0000000000000000, R9 =0x0000000008000100, R10=0x0000206c93ab2c80, R11=0x00007ff82da5305d
R12=0x0000000000000000, R13=0x0000000154557818, R14=0x0000000151894440, R15=0x00007f9663893800
RIP=0x00007ff81344641d, EFLAGS=0x0000000000010202, ERR=0x0000000000000004
  TRAPNO=0x000000000000000e

Top of Stack: (sp=0x00007ff7be39e268)
0x00007ff7be39e268:   0000000151892157 00007ff7be39e2c0
0x00007ff7be39e278:   0000000000000003 00007ff7be39e2a0
0x00007ff7be39e288:   0000000102d65952 0000000154557818
0x00007ff7be39e298:   0000000154557818 00006000004e8960
0x00007ff7be39e2a8:   00000001518946a0 0000000151894710
0x00007ff7be39e2b8:   00007ff856287918 00007ff855020670
0x00007ff7be39e2c8:   0000000151894450 0000000151894690
0x00007ff7be39e2d8:   00006000004e8960 0000600002762c80
0x00007ff7be39e2e8:   00006000029a5470 00006000004e8960
0x00007ff7be39e2f8:   0000600002762c80 00007ff7be39e3a8
0x00007ff7be39e308:   00007f96638939f8 0000000154557818
0x00007ff7be39e318:   00007ff7be39e3d0 00007ff7be39e398
0x00007ff7be39e328:   00000001067e4667 0000000154557818
0x00007ff7be39e338:   00007ff7be39e3d0 00007ff7be39e398
0x00007ff7be39e348:   00000001067e43c7 00000001067e4382
0x00007ff7be39e358:   00007ff7be39e358 0000000154557818
0x00007ff7be39e368:   00007ff7be39e3d0 000000015455a450
0x00007ff7be39e378:   0000000000000000 0000000154557818
0x00007ff7be39e388:   0000000000000000 00007ff7be39e3b8
0x00007ff7be39e398:   00007ff7be39e418 00000001067d42bd
0x00007ff7be39e3a8:   00000006c06585a8 00000001067ddd18
0x00007ff7be39e3b8:   00006000004e8960 00007ff7be39e418
0x00007ff7be39e3c8:   0000600002762c80 00000001067df782
0x00007ff7be39e3d8:   00007ff7be39e3d8 00000001545579e2
0x00007ff7be39e3e8:   00007ff7be39e440 000000015455a450
0x00007ff7be39e3f8:   0000000000000000 00000001545579f0
0x00007ff7be39e408:   00007ff7be39e3b8 00007ff7be39e428
0x00007ff7be39e418:   00007ff7be39e488 00000001067d42bd
0x00007ff7be39e428:   00006000004e8960 00000006c06e6f70
0x00007ff7be39e438:   0000600002762c80 00000006c06e6f70
0x00007ff7be39e448:   00007ff7be39e448 0000000158baeabe
0x00007ff7be39e458:   00007ff7be39e498 0000000158baeb78 

Instructions: (pc=0x00007ff81344641d)
0x00007ff8134463fd:   44 00 00 48 85 ff 2e 74 72 40 f6 c7 01 2e 75 76
0x00007ff81344640d:   49 ba f8 ff ff ff ff 7f 00 00 4c 23 17 49 89 f3
0x00007ff81344641d:   45 23 5a 18 49 c1 e3 04 4d 03 5a 10 49 3b 33 75
0x00007ff81344642d:   0a 4d 8b 5b 08 4d 31 d3 41 ff e3 49 83 3b 01 76 

Register to memory mapping:

RAX=0x00006000004e8960 is an unknown value
RBX=0x0000000151894450: <offset 0x7450> in /private/var/folders/hd/3mq_tls94rnf7268pdrr1_h80000gn/T/jogamp_0000/file_cache/jln3010339009959669005/jln7362770455544757816/libnativewindow_macosx.jnilib at 0x000000015188d000
RCX=0x0000000000000000 is an unknown value
RDX=0x0000000000000001 is an unknown value
RSP=0x00007ff7be39e268 is pointing into the stack for thread: 0x00007f9663893800
RBP=0x00007ff7be39e320 is pointing into the stack for thread: 0x00007f9663893800
RSI=0x00007ff82da5305d is an unknown value
RDI=0x0000600002762c80 is an unknown value
R8 =0x0000000000000000 is an unknown value
R9 =0x0000000008000100 is an unknown value
R10=0x0000206c93ab2c80 is an unknown value
R11=0x00007ff82da5305d is an unknown value
R12=0x0000000000000000 is an unknown value
R13={method} {0x0000000154557818} 'UnsetJAWTRootSurfaceLayer0' '(JJ)V' in 'jogamp/nativewindow/jawt/macosx/MacOSXJAWTWindow'
R14=0x0000000151894440: <offset 0x7440> in /private/var/folders/hd/3mq_tls94rnf7268pdrr1_h80000gn/T/jogamp_0000/file_cache/jln3010339009959669005/jln7362770455544757816/libnativewindow_macosx.jnilib at 0x000000015188d000
R15=0x00007f9663893800 is a thread


Stack: [0x00007ff7bdba3000,0x00007ff7be3a3000],  sp=0x00007ff7be39e268,  free space=8172k
Native frames: (J=compiled Java code, j=interpreted, Vv=VM code, C=native code)
C  [libobjc.A.dylib+0x641d]  objc_msgSend+0x1d
j  jogamp.nativewindow.jawt.macosx.MacOSXJAWTWindow.UnsetJAWTRootSurfaceLayer0(JJ)V+0
j  jogamp.nativewindow.jawt.macosx.MacOSXJAWTWindow.access$200(JJ)V+2
j  jogamp.nativewindow.jawt.macosx.MacOSXJAWTWindow$1.run()V+38
j  com.jogamp.common.util.RunnableTask.run()V+24
v  ~StubRoutines::call_stub
V  [libjvm.dylib+0x2f0d1e]
V  [libjvm.dylib+0x32805c]
V  [libjvm.dylib+0x31a83f]
C  [libnativewindow_macosx.jnilib+0x5326]  Java_jogamp_nativewindow_jawt_macosx_MacOSXJAWTWindow_UnsetJAWTRootSurfaceLayer0+0x2b6
C  [Foundation+0x81517]  __NSThreadPerformPerform+0xb3
C  [CoreFoundation+0x8015b]  __CFRUNLOOP_IS_CALLING_OUT_TO_A_SOURCE0_PERFORM_FUNCTION__+0x11
C  [CoreFoundation+0x800c3]  __CFRunLoopDoSource0+0xb4
C  [CoreFoundation+0x7fe3d]  __CFRunLoopDoSources0+0xf2
C  [CoreFoundation+0x7e858]  __CFRunLoopRun+0x37c
C  [CoreFoundation+0x7de1c]  CFRunLoopRunSpecific+0x232
C  [HIToolbox+0x2e5e6]  RunCurrentEventLoopInMode+0x124
C  [HIToolbox+0x2e213]  ReceiveNextEventCommon+0x11b
C  [HIToolbox+0x2e0e5]  _BlockUntilNextEventMatchingListInModeWithFilter+0x46
C  [AppKit+0x3ef6d]  _DPSNextEvent+0x39f
C  [AppKit+0x3d62a]  -[NSApplication(NSEvent) _nextEventMatchingEventMask:untilDate:inMode:dequeue:]+0x572
C  [libosxapp.dylib+0x2328]  -[NSApplicationAWT nextEventMatchingMask:untilDate:inMode:dequeue:]+0x7c
C  [AppKit+0x2fcd9]  -[NSApplication run]+0x24a
C  [libosxapp.dylib+0x1f72]  +[NSApplicationAWT runAWTLoopWithApp:]+0x9c
C  [libawt_lwawt.dylib+0x480bf]  -[AWTStarter starter:]+0x389
C  [Foundation+0x81517]  __NSThreadPerformPerform+0xb3
C  [CoreFoundation+0x8015b]  __CFRUNLOOP_IS_CALLING_OUT_TO_A_SOURCE0_PERFORM_FUNCTION__+0x11
C  [CoreFoundation+0x800c3]  __CFRunLoopDoSource0+0xb4
C  [CoreFoundation+0x7fe3d]  __CFRunLoopDoSources0+0xf2
C  [CoreFoundation+0x7e858]  __CFRunLoopRun+0x37c
C  [CoreFoundation+0x7de1c]  CFRunLoopRunSpecific+0x232
C  [java+0x646e]  CreateExecutionEnvironment+0x367
C  [java+0x203c]  JLI_Launch+0x7a0
C  [java+0x84cb]  main+0x65
C  [java+0x1894]  start+0x34
C  0x0000000000000009

Java frames: (J=compiled Java code, j=interpreted, Vv=VM code)
j  jogamp.nativewindow.jawt.macosx.MacOSXJAWTWindow.UnsetJAWTRootSurfaceLayer0(JJ)V+0
j  jogamp.nativewindow.jawt.macosx.MacOSXJAWTWindow.access$200(JJ)V+2
j  jogamp.nativewindow.jawt.macosx.MacOSXJAWTWindow$1.run()V+38
j  com.jogamp.common.util.RunnableTask.run()V+24
v  ~StubRoutines::call_stub

---------------  P R O C E S S  ---------------

Java Threads: ( => current thread )
  0x00007f966c9ca800 JavaThread "NativeWindowFactory_ShutdownHook" [_thread_in_Java, id=54295, stack(0x0000700004f2e000,0x000070000502e000)]
  0x00007f9668010000 JavaThread "Thread-19" [_thread_blocked, id=91671, stack(0x0000700004b1c000,0x0000700004c1c000)]
  0x00007f9661a95800 JavaThread "AWT-EventQueue-1" [_thread_blocked, id=68135, stack(0x0000700005237000,0x0000700005337000)]
  0x00007f966308d800 JavaThread "DestroyJavaVM" [_thread_blocked, id=3075, stack(0x00007000032ce000,0x00007000033ce000)]
  0x00007f9663060800 JavaThread "AWT-EventQueue-0" [_thread_blocked, id=76047, stack(0x0000700005031000,0x0000700005131000)]
  0x00007f96610bd000 JavaThread "Java2D Disposer" daemon [_thread_blocked, id=52487, stack(0x0000700004e2b000,0x0000700004f2b000)]
  0x00007f96628e2000 JavaThread "Java2D Queue Flusher" daemon [_thread_blocked, id=51215, stack(0x0000700004d28000,0x0000700004e28000)]
  0x00007f9660164800 JavaThread "AWT-Shutdown" [_thread_blocked, id=28675, stack(0x0000700004913000,0x0000700004a13000)]
=>0x00007f9663893800 JavaThread "AWT-AppKit" daemon [_thread_in_native, id=259, stack(0x00007ff7bdba3000,0x00007ff7be3a3000)]
  0x00007f9661035000 JavaThread "Service Thread" daemon [_thread_blocked, id=16387, stack(0x000070000470d000,0x000070000480d000)]
  0x00007f966001b800 JavaThread "C1 CompilerThread3" daemon [_thread_blocked, id=16899, stack(0x000070000460a000,0x000070000470a000)]
  0x00007f966001b000 JavaThread "C2 CompilerThread2" daemon [_thread_blocked, id=17155, stack(0x0000700004507000,0x0000700004607000)]
  0x00007f966001a000 JavaThread "C2 CompilerThread1" daemon [_thread_blocked, id=15363, stack(0x0000700004404000,0x0000700004504000)]
  0x00007f966280b800 JavaThread "C2 CompilerThread0" daemon [_thread_blocked, id=17411, stack(0x0000700004301000,0x0000700004401000)]
  0x00007f9660018800 JavaThread "Signal Dispatcher" daemon [_thread_blocked, id=17923, stack(0x00007000041fe000,0x00007000042fe000)]
  0x00007f9662811000 JavaThread "Finalizer" daemon [_thread_blocked, id=19203, stack(0x0000700003ff5000,0x00007000040f5000)]
  0x00007f9662810800 JavaThread "Reference Handler" daemon [_thread_blocked, id=19459, stack(0x0000700003ef2000,0x0000700003ff2000)]

Other Threads:
  0x00007f966380c000 VMThread [stack: 0x0000700003def000,0x0000700003eef000] [id=12547]
  0x00007f966182c800 WatcherThread [stack: 0x0000700004810000,0x0000700004910000] [id=21763]

VM state:not at safepoint (normal execution)

VM Mutex/Monitor currently owned by a thread: None

heap address: 0x00000006c0000000, size: 4096 MB, Compressed Oops mode: Zero based, Oop shift amount: 3
Narrow klass base: 0x0000000000000000, Narrow klass shift: 3
Compressed class space size: 1073741824 Address: 0x00000007c0000000

Heap:
 PSYoungGen      total 35840K, used 30915K [0x000000076ab00000, 0x000000076f100000, 0x00000007c0000000)
  eden space 35328K, 86% used [0x000000076ab00000,0x000000076c900f78,0x000000076cd80000)
  from space 512K, 37% used [0x000000076f080000,0x000000076f0b0000,0x000000076f100000)
  to   space 512K, 0% used [0x000000076f000000,0x000000076f000000,0x000000076f080000)
 ParOldGen       total 105984K, used 17777K [0x00000006c0000000, 0x00000006c6780000, 0x000000076ab00000)
  object space 105984K, 16% used [0x00000006c0000000,0x00000006c115c620,0x00000006c6780000)
 Metaspace       used 21558K, capacity 21899K, committed 22272K, reserved 1069056K
  class space    used 2115K, capacity 2222K, committed 2304K, reserved 1048576K

Card table byte_map: [0x0000000102126000,0x0000000102927000] byte_map_base: 0x00000000feb26000

Marking Bits: (ParMarkBitMap*) 0x000000010351de40
 Begin Bits: [0x00000001157cc000, 0x00000001197cc000)
 End Bits:   [0x00000001197cc000, 0x000000011d7cc000)

Polling page: 0x0000000101c9f000

CodeCache: size=245760Kb used=10242Kb max_used=10469Kb free=235517Kb
 bounds [0x00000001067cc000, 0x000000010722c000, 0x00000001157cc000]
 total_blobs=3717 nmethods=2802 adapters=828
 compilation: enabled

Compilation events (10 events):
Event: 5055.304 Thread 0x00007f966001b000 3167       4       sun.java2d.SurfaceData::pixelFor (13 bytes)
Event: 5055.305 Thread 0x00007f966001b000 nmethod 3167 0x0000000106ec0390 code [0x0000000106ec04e0, 0x0000000106ec0618]
Event: 5055.306 Thread 0x00007f966001b800 3168       1       sun.java2d.SurfaceData::isValid (5 bytes)
Event: 5055.307 Thread 0x00007f966001b800 nmethod 3168 0x0000000106af2050 code [0x0000000106af21a0, 0x0000000106af22b0]
Event: 5055.335 Thread 0x00007f966001a000 3169       4       java.util.HashMap::remove (26 bytes)
Event: 5055.336 Thread 0x00007f966001b800 3170       3       sun.java2d.pipe.RenderBuffer::putFloat (26 bytes)
Event: 5055.336 Thread 0x00007f966001b800 nmethod 3170 0x0000000106c79a90 code [0x0000000106c79c00, 0x0000000106c79d90]
Event: 5055.338 Thread 0x00007f966001a000 nmethod 3169 0x0000000106a99b50 code [0x0000000106a99cc0, 0x0000000106a99fb8]
Event: 5055.341 Thread 0x00007f966280b800 3172  s!   4       sun.misc.URLClassPath::getLoader (243 bytes)
Event: 5055.342 Thread 0x00007f966001b000 3173  s    4       sun.misc.URLClassPath::getNextLoader (88 bytes)

GC Heap History (10 events):
Event: 5046.988 GC heap before
{Heap before GC invocations=2801 (full 1):
 PSYoungGen      total 35840K, used 35456K [0x000000076ab00000, 0x000000076f100000, 0x00000007c0000000)
  eden space 35328K, 100% used [0x000000076ab00000,0x000000076cd80000,0x000000076cd80000)
  from space 512K, 25% used [0x000000076f000000,0x000000076f020000,0x000000076f080000)
  to   space 512K, 0% used [0x000000076f080000,0x000000076f080000,0x000000076f100000)
 ParOldGen       total 105984K, used 17777K [0x00000006c0000000, 0x00000006c6780000, 0x000000076ab00000)
  object space 105984K, 16% used [0x00000006c0000000,0x00000006c115c620,0x00000006c6780000)
 Metaspace       used 21492K, capacity 21863K, committed 22272K, reserved 1069056K
  class space    used 2101K, capacity 2188K, committed 2304K, reserved 1048576K
Event: 5046.989 GC heap after
Heap after GC invocations=2801 (full 1):
 PSYoungGen      total 35840K, used 160K [0x000000076ab00000, 0x000000076f100000, 0x00000007c0000000)
  eden space 35328K, 0% used [0x000000076ab00000,0x000000076ab00000,0x000000076cd80000)
  from space 512K, 31% used [0x000000076f080000,0x000000076f0a8000,0x000000076f100000)
  to   space 512K, 0% used [0x000000076f000000,0x000000076f000000,0x000000076f080000)
 ParOldGen       total 105984K, used 17777K [0x00000006c0000000, 0x00000006c6780000, 0x000000076ab00000)
  object space 105984K, 16% used [0x00000006c0000000,0x00000006c115c620,0x00000006c6780000)
 Metaspace       used 21492K, capacity 21863K, committed 22272K, reserved 1069056K
  class space    used 2101K, capacity 2188K, committed 2304K, reserved 1048576K
}
Event: 5048.721 GC heap before
{Heap before GC invocations=2802 (full 1):
 PSYoungGen      total 35840K, used 35488K [0x000000076ab00000, 0x000000076f100000, 0x00000007c0000000)
  eden space 35328K, 100% used [0x000000076ab00000,0x000000076cd80000,0x000000076cd80000)
  from space 512K, 31% used [0x000000076f080000,0x000000076f0a8000,0x000000076f100000)
  to   space 512K, 0% used [0x000000076f000000,0x000000076f000000,0x000000076f080000)
 ParOldGen       total 105984K, used 17777K [0x00000006c0000000, 0x00000006c6780000, 0x000000076ab00000)
  object space 105984K, 16% used [0x00000006c0000000,0x00000006c115c620,0x00000006c6780000)
 Metaspace       used 21492K, capacity 21863K, committed 22272K, reserved 1069056K
  class space    used 2101K, capacity 2188K, committed 2304K, reserved 1048576K
Event: 5048.722 GC heap after
Heap after GC invocations=2802 (full 1):
 PSYoungGen      total 35840K, used 96K [0x000000076ab00000, 0x000000076f100000, 0x00000007c0000000)
  eden space 35328K, 0% used [0x000000076ab00000,0x000000076ab00000,0x000000076cd80000)
  from space 512K, 18% used [0x000000076f000000,0x000000076f018000,0x000000076f080000)
  to   space 512K, 0% used [0x000000076f080000,0x000000076f080000,0x000000076f100000)
 ParOldGen       total 105984K, used 17777K [0x00000006c0000000, 0x00000006c6780000, 0x000000076ab00000)
  object space 105984K, 16% used [0x00000006c0000000,0x00000006c115c620,0x00000006c6780000)
 Metaspace       used 21492K, capacity 21863K, committed 22272K, reserved 1069056K
  class space    used 2101K, capacity 2188K, committed 2304K, reserved 1048576K
}
Event: 5050.439 GC heap before
{Heap before GC invocations=2803 (full 1):
 PSYoungGen      total 35840K, used 35424K [0x000000076ab00000, 0x000000076f100000, 0x00000007c0000000)
  eden space 35328K, 100% used [0x000000076ab00000,0x000000076cd80000,0x000000076cd80000)
  from space 512K, 18% used [0x000000076f000000,0x000000076f018000,0x000000076f080000)
  to   space 512K, 0% used [0x000000076f080000,0x000000076f080000,0x000000076f100000)
 ParOldGen       total 105984K, used 17777K [0x00000006c0000000, 0x00000006c6780000, 0x000000076ab00000)
  object space 105984K, 16% used [0x00000006c0000000,0x00000006c115c620,0x00000006c6780000)
 Metaspace       used 21492K, capacity 21863K, committed 22272K, reserved 1069056K
  class space    used 2101K, capacity 2188K, committed 2304K, reserved 1048576K
Event: 5050.440 GC heap after
Heap after GC invocations=2803 (full 1):
 PSYoungGen      total 35840K, used 96K [0x000000076ab00000, 0x000000076f100000, 0x00000007c0000000)
  eden space 35328K, 0% used [0x000000076ab00000,0x000000076ab00000,0x000000076cd80000)
  from space 512K, 18% used [0x000000076f080000,0x000000076f098000,0x000000076f100000)
  to   space 512K, 0% used [0x000000076f000000,0x000000076f000000,0x000000076f080000)
 ParOldGen       total 105984K, used 17777K [0x00000006c0000000, 0x00000006c6780000, 0x000000076ab00000)
  object space 105984K, 16% used [0x00000006c0000000,0x00000006c115c620,0x00000006c6780000)
 Metaspace       used 21492K, capacity 21863K, committed 22272K, reserved 1069056K
  class space    used 2101K, capacity 2188K, committed 2304K, reserved 1048576K
}
Event: 5052.170 GC heap before
{Heap before GC invocations=2804 (full 1):
 PSYoungGen      total 35840K, used 35424K [0x000000076ab00000, 0x000000076f100000, 0x00000007c0000000)
  eden space 35328K, 100% used [0x000000076ab00000,0x000000076cd80000,0x000000076cd80000)
  from space 512K, 18% used [0x000000076f080000,0x000000076f098000,0x000000076f100000)
  to   space 512K, 0% used [0x000000076f000000,0x000000076f000000,0x000000076f080000)
 ParOldGen       total 105984K, used 17777K [0x00000006c0000000, 0x00000006c6780000, 0x000000076ab00000)
  object space 105984K, 16% used [0x00000006c0000000,0x00000006c115c620,0x00000006c6780000)
 Metaspace       used 21492K, capacity 21863K, committed 22272K, reserved 1069056K
  class space    used 2101K, capacity 2188K, committed 2304K, reserved 1048576K
Event: 5052.171 GC heap after
Heap after GC invocations=2804 (full 1):
 PSYoungGen      total 35840K, used 128K [0x000000076ab00000, 0x000000076f100000, 0x00000007c0000000)
  eden space 35328K, 0% used [0x000000076ab00000,0x000000076ab00000,0x000000076cd80000)
  from space 512K, 25% used [0x000000076f000000,0x000000076f020000,0x000000076f080000)
  to   space 512K, 0% used [0x000000076f080000,0x000000076f080000,0x000000076f100000)
 ParOldGen       total 105984K, used 17777K [0x00000006c0000000, 0x00000006c6780000, 0x000000076ab00000)
  object space 105984K, 16% used [0x00000006c0000000,0x00000006c115c620,0x00000006c6780000)
 Metaspace       used 21492K, capacity 21863K, committed 22272K, reserved 1069056K
  class space    used 2101K, capacity 2188K, committed 2304K, reserved 1048576K
}
Event: 5053.920 GC heap before
{Heap before GC invocations=2805 (full 1):
 PSYoungGen      total 35840K, used 35456K [0x000000076ab00000, 0x000000076f100000, 0x00000007c0000000)
  eden space 35328K, 100% used [0x000000076ab00000,0x000000076cd80000,0x000000076cd80000)
  from space 512K, 25% used [0x000000076f000000,0x000000076f020000,0x000000076f080000)
  to   space 512K, 0% used [0x000000076f080000,0x000000076f080000,0x000000076f100000)
 ParOldGen       total 105984K, used 17777K [0x00000006c0000000, 0x00000006c6780000, 0x000000076ab00000)
  object space 105984K, 16% used [0x00000006c0000000,0x00000006c115c620,0x00000006c6780000)
 Metaspace       used 21492K, capacity 21863K, committed 22272K, reserved 1069056K
  class space    used 2101K, capacity 2188K, committed 2304K, reserved 1048576K
Event: 5053.921 GC heap after
Heap after GC invocations=2805 (full 1):
 PSYoungGen      total 35840K, used 192K [0x000000076ab00000, 0x000000076f100000, 0x00000007c0000000)
  eden space 35328K, 0% used [0x000000076ab00000,0x000000076ab00000,0x000000076cd80000)
  from space 512K, 37% used [0x000000076f080000,0x000000076f0b0000,0x000000076f100000)
  to   space 512K, 0% used [0x000000076f000000,0x000000076f000000,0x000000076f080000)
 ParOldGen       total 105984K, used 17777K [0x00000006c0000000, 0x00000006c6780000, 0x000000076ab00000)
  object space 105984K, 16% used [0x00000006c0000000,0x00000006c115c620,0x00000006c6780000)
 Metaspace       used 21492K, capacity 21863K, committed 22272K, reserved 1069056K
  class space    used 2101K, capacity 2188K, committed 2304K, reserved 1048576K
}

Deoptimization events (10 events):
Event: 5055.318 Thread 0x00007f9661a95800 Uncommon trap: reason=class_check action=maybe_recompile pc=0x0000000106e5c304 method=java.awt.event.InvocationEvent.dispatch()V @ 11
Event: 5055.319 Thread 0x00007f9660219000 Uncommon trap: reason=unstable_if action=reinterpret pc=0x0000000106d0846c method=processing.core.PApplet.run()V @ 272
Event: 5055.335 Thread 0x00007f96601cd800 Uncommon trap: reason=unstable_if action=reinterpret pc=0x0000000106d89528 method=java.util.HashMap.putVal(ILjava/lang/Object;Ljava/lang/Object;ZZ)Ljava/lang/Object; @ 81
Event: 5055.335 Thread 0x00007f9663060800 Uncommon trap: reason=class_check action=maybe_recompile pc=0x00000001071f0968 method=java.awt.event.InvocationEvent.dispatch()V @ 47
Event: 5055.336 Thread 0x00007f9663060800 Uncommon trap: reason=class_check action=maybe_recompile pc=0x0000000106defeb4 method=java.awt.Component.getGraphics()Ljava/awt/Graphics; @ 114
Event: 5055.337 Thread 0x00007f9663893800 Uncommon trap: reason=class_check action=maybe_recompile pc=0x0000000106bc4200 method=com.jogamp.common.util.RunnableTask.run()V @ 24
Event: 5055.337 Thread 0x00007f9663893800 Uncommon trap: reason=unstable_if action=reinterpret pc=0x0000000106d8bbbc method=jogamp.nativewindow.macosx.OSXUtil.RunOnMainThread(ZZLjava/lang/Runnable;)V @ 3
Event: 5055.341 Thread 0x00007f9661a95800 Uncommon trap: reason=unstable_if action=reinterpret pc=0x0000000106e0fc70 method=jogamp.opengl.GLContextImpl.release(Z)V @ 161
Event: 5055.342 Thread 0x00007f9661a95800 Uncommon trap: reason=unstable_if action=reinterpret pc=0x0000000107140b98 method=java.util.LinkedList$ListItr.<init>(Ljava/util/LinkedList;I)V @ 26
Event: 5055.344 Thread 0x00007f9663893800 Uncommon trap: reason=class_check action=maybe_recompile pc=0x0000000106bc4200 method=com.jogamp.common.util.RunnableTask.run()V @ 24

Classes redefined (0 events):
No events

Internal exceptions (10 events):
Event: 0.310 Thread 0x00007f966100d000 Exception <a 'java/io/FileNotFoundException'> (0x000000076ae3d1b8) thrown at [/Users/java_re/workspace/8-2-build-macosx-x86_64/jdk8u202/12323/hotspot/src/share/vm/prims/jni.cpp, line 710]
Event: 0.310 Thread 0x00007f966100d000 Exception <a 'java/io/FileNotFoundException'> (0x000000076ae3dd58) thrown at [/Users/java_re/workspace/8-2-build-macosx-x86_64/jdk8u202/12323/hotspot/src/share/vm/prims/jni.cpp, line 710]
Event: 0.329 Thread 0x00007f966100d000 Exception <a 'java/io/FileNotFoundException'> (0x000000076ae83620) thrown at [/Users/java_re/workspace/8-2-build-macosx-x86_64/jdk8u202/12323/hotspot/src/share/vm/prims/jni.cpp, line 710]
Event: 0.407 Thread 0x00007f966100d000 Exception <a 'java/io/FileNotFoundException'> (0x000000076aec0ff8) thrown at [/Users/java_re/workspace/8-2-build-macosx-x86_64/jdk8u202/12323/hotspot/src/share/vm/prims/jni.cpp, line 710]
Event: 1.451 Thread 0x00007f9660219000 Exception <a 'java/lang/UnsatisfiedLinkError': com.jogamp.common.util.JarUtil.fixNativeLibAttribs(Ljava/lang/String;)Z> (0x000000076c657410) thrown at [/Users/java_re/workspace/8-2-build-macosx-x86_64/jdk8u202/12323/hotspot/src/share/vm/prims/nativeLookup
Event: 3.769 Thread 0x00007f9661a95800 Exception <a 'java/io/FileNotFoundException'> (0x000000076d876a00) thrown at [/Users/java_re/workspace/8-2-build-macosx-x86_64/jdk8u202/12323/hotspot/src/share/vm/prims/jni.cpp, line 710]
Event: 3.769 Thread 0x00007f9661a95800 Exception <a 'java/io/FileNotFoundException'> (0x000000076d87cc48) thrown at [/Users/java_re/workspace/8-2-build-macosx-x86_64/jdk8u202/12323/hotspot/src/share/vm/prims/jni.cpp, line 710]
Event: 3.769 Thread 0x00007f9661a95800 Implicit null exception at 0x00000001069acef6 to 0x00000001069ad2b9
Event: 4.050 Thread 0x00007f9662811000 Exception <a 'java/lang/NullPointerException'> (0x000000076aeaef90) thrown at [/Users/java_re/workspace/8-2-build-macosx-x86_64/jdk8u202/12323/hotspot/src/share/vm/interpreter/linkResolver.cpp, line 1185]
Event: 4.096 Thread 0x00007f9661a95800 Implicit null exception at 0x0000000106bbd6c6 to 0x0000000106bbd90d

Events (10 events):
Event: 5055.343 loading class java/awt/LightweightDispatcher$2 done
Event: 5055.343 loading class java/awt/event/AWTEventListenerProxy
Event: 5055.343 loading class java/awt/event/AWTEventListenerProxy done
Event: 5055.343 Executing VM operation: Deoptimize
Event: 5055.343 Executing VM operation: Deoptimize done
Event: 5055.343 loading class java/awt/Toolkit$ToolkitEventMulticaster
Event: 5055.344 loading class java/awt/Toolkit$ToolkitEventMulticaster done
Event: 5055.344 Thread 0x00007f9663893800 Uncommon trap: trap_request=0xffffffde fr.pc=0x0000000106bc4200
Event: 5055.344 Thread 0x00007f9663893800 DEOPT PACKING pc=0x0000000106bc4200 sp=0x00007ff7be39e4e0
Event: 5055.344 Thread 0x00007f9663893800 DEOPT UNPACKING pc=0x000000010681173a sp=0x00007ff7be39e488 mode 2


Dynamic libraries:
0x00007ff82a42c000 	/System/Library/Frameworks/Cocoa.framework/Versions/A/Cocoa
0x00007ff816074000 	/System/Library/Frameworks/AppKit.framework/Versions/C/AppKit
0x00007ff819589000 	/System/Library/Frameworks/CoreData.framework/Versions/A/CoreData
0x00007ff814477000 	/System/Library/Frameworks/Foundation.framework/Versions/C/Foundation
0x00007ff81e3ab000 	/usr/lib/libSystem.B.dylib
0x00007ff816f04000 	/System/Library/PrivateFrameworks/UIFoundation.framework/Versions/A/UIFoundation
0x00007ff824322000 	/System/Library/PrivateFrameworks/RemoteViewServices.framework/Versions/A/RemoteViewServices
0x00007ff81c5ff000 	/System/Library/PrivateFrameworks/XCTTargetBootstrap.framework/Versions/A/XCTTargetBootstrap
0x00007ff8201b8000 	/System/Library/PrivateFrameworks/InternationalSupport.framework/Versions/A/InternationalSupport
0x00007ff820242000 	/System/Library/PrivateFrameworks/UserActivity.framework/Versions/A/UserActivity
0x00007ff81f594000 	/usr/lib/libspindump.dylib
0x00007ff817193000 	/System/Library/Frameworks/UniformTypeIdentifiers.framework/Versions/A/UniformTypeIdentifiers
0x00007ff81ad24000 	/usr/lib/libapp_launch_measurement.dylib
0x00007ff819f5b000 	/System/Library/PrivateFrameworks/CoreAnalytics.framework/Versions/A/CoreAnalytics
0x00007ff81ad27000 	/System/Library/PrivateFrameworks/CoreAutoLayout.framework/Versions/A/CoreAutoLayout
0x00007ff81bf57000 	/System/Library/Frameworks/Metal.framework/Versions/A/Metal
0x00007ff81cc85000 	/usr/lib/liblangid.dylib
0x00007ff81c604000 	/System/Library/PrivateFrameworks/CoreSVG.framework/Versions/A/CoreSVG
0x00007ff81857d000 	/System/Library/PrivateFrameworks/SkyLight.framework/Versions/A/SkyLight
0x00007ff81891c000 	/System/Library/Frameworks/CoreGraphics.framework/Versions/A/CoreGraphics
0x00007ff8249e2000 	/System/Library/Frameworks/Accelerate.framework/Versions/A/Accelerate
0x00007ff81f013000 	/System/Library/PrivateFrameworks/IconServices.framework/Versions/A/IconServices
0x00007ff81bf3c000 	/System/Library/Frameworks/IOSurface.framework/Versions/A/IOSurface
0x00007ff819f89000 	/usr/lib/libDiagnosticMessagesClient.dylib
0x00007ff81e2cb000 	/usr/lib/libz.1.dylib
0x00007ff8280d0000 	/System/Library/Frameworks/ApplicationServices.framework/Versions/A/ApplicationServices
0x00007ff81c5eb000 	/System/Library/PrivateFrameworks/DFRFoundation.framework/Versions/A/DFRFoundation
0x00007ff81595c000 	/usr/lib/libicucore.A.dylib
0x00007ff820fae000 	/System/Library/Frameworks/AudioToolbox.framework/Versions/A/AudioToolbox
0x00007ff8201c4000 	/System/Library/PrivateFrameworks/DataDetectorsCore.framework/Versions/A/DataDetectorsCore
0x00007ff91c6c5000 	/System/Library/PrivateFrameworks/TextInput.framework/Versions/A/TextInput
0x00007ff818500000 	/usr/lib/libMobileGestalt.dylib
0x00007ff81c2f7000 	/System/Library/Frameworks/Carbon.framework/Versions/A/Frameworks/HIToolbox.framework/Versions/A/HIToolbox
0x00007ff81a726000 	/System/Library/Frameworks/QuartzCore.framework/Versions/A/QuartzCore
0x00007ff815601000 	/System/Library/Frameworks/Security.framework/Versions/A/Security
0x00007ff82435a000 	/System/Library/Frameworks/Carbon.framework/Versions/A/Frameworks/SpeechRecognition.framework/Versions/A/SpeechRecognition
0x00007ff81aa84000 	/System/Library/PrivateFrameworks/CoreUI.framework/Versions/A/CoreUI
0x00007ff814ecb000 	/System/Library/Frameworks/CoreAudio.framework/Versions/A/CoreAudio
0x00007ff81a078000 	/System/Library/Frameworks/DiskArbitration.framework/Versions/A/DiskArbitration
0x00007ff81f984000 	/System/Library/PrivateFrameworks/MultitouchSupport.framework/Versions/A/MultitouchSupport
0x00007ff8184ff000 	/usr/lib/libenergytrace.dylib
0x00007ff815f60000 	/System/Library/Frameworks/IOKit.framework/Versions/A/IOKit
0x00007ff82474a000 	/System/Library/Frameworks/CoreServices.framework/Versions/A/CoreServices
0x00007ff81acbe000 	/System/Library/PrivateFrameworks/PerformanceAnalysis.framework/Versions/A/PerformanceAnalysis
0x00007ffa2c39d000 	/System/Library/Frameworks/OpenGL.framework/Versions/A/OpenGL
0x00007ff81d8e7000 	/System/Library/PrivateFrameworks/MobileKeyBag.framework/Versions/A/MobileKeyBag
0x00007ff813440000 	/usr/lib/libobjc.A.dylib
0x00007ff818fe8000 	/System/Library/Frameworks/ColorSync.framework/Versions/A/ColorSync
0x00007ff8135fa000 	/System/Library/Frameworks/CoreFoundation.framework/Versions/A/CoreFoundation
0x00007ff81c87b000 	/System/Library/Frameworks/CoreImage.framework/Versions/A/CoreImage
0x00007ff814cdf000 	/System/Library/Frameworks/CoreText.framework/Versions/A/CoreText
0x00007ff81c634000 	/System/Library/Frameworks/ImageIO.framework/Versions/A/ImageIO
0x00007ff81e3b1000 	/System/Library/PrivateFrameworks/SoftLinking.framework/Versions/A/SoftLinking
0x00007ff81ad6f000 	/usr/lib/libxml2.2.dylib
0x00007ff813506000 	/usr/lib/libc++.1.dylib
0x00007ff81e636000 	/usr/lib/libcompression.dylib
0x00007ff8200eb000 	/System/Library/PrivateFrameworks/TextureIO.framework/Versions/A/TextureIO
0x00007ff81ed24000 	/usr/lib/libate.dylib
0x00007ff81e3a6000 	/usr/lib/system/libcache.dylib
0x00007ff81e362000 	/usr/lib/system/libcommonCrypto.dylib
0x00007ff81e38b000 	/usr/lib/system/libcompiler_rt.dylib
0x00007ff81e381000 	/usr/lib/system/libcopyfile.dylib
0x00007ff81333b000 	/usr/lib/system/libcorecrypto.dylib
0x00007ff8133f9000 	/usr/lib/system/libdispatch.dylib
0x00007ff8135b9000 	/usr/lib/system/libdyld.dylib
0x00007ff81e39d000 	/usr/lib/system/libkeymgr.dylib
0x00007ff81e340000 	/usr/lib/system/libmacho.dylib
0x00007ff81d9c1000 	/usr/lib/system/libquarantine.dylib
0x00007ff81e39b000 	/usr/lib/system/libremovefile.dylib
0x00007ff81854d000 	/usr/lib/system/libsystem_asl.dylib
0x00007ff8132e4000 	/usr/lib/system/libsystem_blocks.dylib
0x00007ff81347d000 	/usr/lib/system/libsystem_c.dylib
0x00007ff81e393000 	/usr/lib/system/libsystem_collections.dylib
0x00007ff81cc75000 	/usr/lib/system/libsystem_configuration.dylib
0x00007ff81bf1f000 	/usr/lib/system/libsystem_containermanager.dylib
0x00007ff81e078000 	/usr/lib/system/libsystem_coreservices.dylib
0x00007ff815bf0000 	/usr/lib/system/libsystem_darwin.dylib
0x00007ff81e39e000 	/usr/lib/system/libsystem_dnssd.dylib
0x00007ff81347a000 	/usr/lib/system/libsystem_featureflags.dylib
0x00007ff8135cf000 	/usr/lib/system/libsystem_info.dylib
0x00007ff81e2de000 	/usr/lib/system/libsystem_m.dylib
0x00007ff8133cd000 	/usr/lib/system/libsystem_malloc.dylib
0x00007ff8184e8000 	/usr/lib/system/libsystem_networkextension.dylib
0x00007ff816016000 	/usr/lib/system/libsystem_notify.dylib
0x00007ff82461f000 	/usr/lib/system/libsystem_product_info_filter.dylib
0x00007ff81cc79000 	/usr/lib/system/libsystem_sandbox.dylib
0x00007ff81e398000 	/usr/lib/system/libsystem_secinit.dylib
0x00007ff813575000 	/usr/lib/system/libsystem_kernel.dylib
0x00007ff8135c5000 	/usr/lib/system/libsystem_platform.dylib
0x00007ff8135ad000 	/usr/lib/system/libsystem_pthread.dylib
0x00007ff819d9b000 	/usr/lib/system/libsystem_symptoms.dylib
0x00007ff813322000 	/usr/lib/system/libsystem_trace.dylib
0x00007ff81e36e000 	/usr/lib/system/libunwind.dylib
0x00007ff8132e6000 	/usr/lib/system/libxpc.dylib
0x00007ff81355f000 	/usr/lib/libc++abi.dylib
0x00007ff81e379000 	/usr/lib/liboah.dylib
0x00007ff81eb00000 	/usr/lib/liblzma.5.dylib
0x00007ff814189000 	/System/Library/Frameworks/SystemConfiguration.framework/Versions/A/SystemConfiguration
0x00007ff81e3ad000 	/usr/lib/libfakelink.dylib
0x00007ff81805a000 	/System/Library/Frameworks/CFNetwork.framework/Versions/A/CFNetwork
0x00007ff81e4ee000 	/usr/lib/libarchive.2.dylib
0x00007ff81cc81000 	/System/Library/PrivateFrameworks/AppleSystemInfo.framework/Versions/A/AppleSystemInfo
0x00007ff81d9e8000 	/usr/lib/libbsm.0.dylib
0x00007ff817669000 	/usr/lib/libnetwork.dylib
0x00007ff81e346000 	/usr/lib/system/libkxld.dylib
0x00007ff81d61b000 	/System/Library/PrivateFrameworks/IOMobileFramebuffer.framework/Versions/A/IOMobileFramebuffer
0x00007ffb2bd7b000 	/usr/lib/libCoreEntitlements.dylib
0x00007ff81e05a000 	/System/Library/PrivateFrameworks/AppleFSCompression.framework/Versions/A/AppleFSCompression
0x00007ff81d9d0000 	/usr/lib/libcoretls.dylib
0x00007ff81eb1a000 	/usr/lib/libcoretls_cfhelpers.dylib
0x00007ff81e630000 	/usr/lib/libpam.2.dylib
0x00007ff8199ba000 	/usr/lib/libsqlite3.dylib
0x00007ff81eb89000 	/usr/lib/libxar.1.dylib
0x00007ff81e06a000 	/usr/lib/libbz2.1.0.dylib
0x00007ff81e3b2000 	/usr/lib/libpcap.A.dylib
0x00007ff819d93000 	/usr/lib/libdns_services.dylib
0x00007ff81e600000 	/usr/lib/libapple_nghttp2.dylib
0x00007ff81e3ec000 	/usr/lib/libiconv.2.dylib
0x00007ff81e33f000 	/usr/lib/libcharset.1.dylib
0x00007ff81acf2000 	/System/Library/Frameworks/CoreServices.framework/Versions/A/Frameworks/FSEvents.framework/Versions/A/FSEvents
0x00007ff815bfa000 	/System/Library/Frameworks/CoreServices.framework/Versions/A/Frameworks/CarbonCore.framework/Versions/A/CarbonCore
0x00007ff819fdc000 	/System/Library/Frameworks/CoreServices.framework/Versions/A/Frameworks/Metadata.framework/Versions/A/Metadata
0x00007ff81e07d000 	/System/Library/Frameworks/CoreServices.framework/Versions/A/Frameworks/OSServices.framework/Versions/A/OSServices
0x00007ff81e575000 	/System/Library/Frameworks/CoreServices.framework/Versions/A/Frameworks/SearchKit.framework/Versions/A/SearchKit
0x00007ff819d25000 	/System/Library/Frameworks/CoreServices.framework/Versions/A/Frameworks/AE.framework/Versions/A/AE
0x00007ff813afd000 	/System/Library/Frameworks/CoreServices.framework/Versions/A/Frameworks/LaunchServices.framework/Versions/A/LaunchServices
0x00007ff81eab1000 	/System/Library/Frameworks/CoreServices.framework/Versions/A/Frameworks/DictionaryServices.framework/Versions/A/DictionaryServices
0x00007ff81acff000 	/System/Library/Frameworks/CoreServices.framework/Versions/A/Frameworks/SharedFileList.framework/Versions/A/SharedFileList
0x00007ff81d9c4000 	/usr/lib/libCheckFix.dylib
0x00007ff818564000 	/System/Library/PrivateFrameworks/TCC.framework/Versions/A/TCC
0x00007ff81cc87000 	/System/Library/PrivateFrameworks/CoreNLP.framework/Versions/A/CoreNLP
0x00007ff819f8c000 	/System/Library/PrivateFrameworks/MetadataUtilities.framework/Versions/A/MetadataUtilities
0x00007ff81423a000 	/usr/lib/libmecabra.dylib
0x00007ff81d9f8000 	/usr/lib/libmecab.dylib
0x00007ff814205000 	/usr/lib/libCRFSuite.dylib
0x00007ff81da52000 	/usr/lib/libgermantok.dylib
0x00007ff81e5db000 	/usr/lib/libThaiTokenizer.dylib
0x00007ff81a07f000 	/System/Library/Frameworks/Accelerate.framework/Versions/A/Frameworks/vImage.framework/Versions/A/vImage
0x00007ff824721000 	/System/Library/Frameworks/Accelerate.framework/Versions/A/Frameworks/vecLib.framework/Versions/A/vecLib
0x00007ff81ebca000 	/System/Library/Frameworks/Accelerate.framework/Versions/A/Frameworks/vecLib.framework/Versions/A/libvMisc.dylib
0x00007ff81d446000 	/System/Library/Frameworks/Accelerate.framework/Versions/A/Frameworks/vecLib.framework/Versions/A/libvDSP.dylib
0x00007ff813e79000 	/System/Library/Frameworks/Accelerate.framework/Versions/A/Frameworks/vecLib.framework/Versions/A/libBLAS.dylib
0x00007ff81e713000 	/System/Library/Frameworks/Accelerate.framework/Versions/A/Frameworks/vecLib.framework/Versions/A/libLAPACK.dylib
0x00007ff81da55000 	/System/Library/Frameworks/Accelerate.framework/Versions/A/Frameworks/vecLib.framework/Versions/A/libLinearAlgebra.dylib
0x00007ff81e618000 	/System/Library/Frameworks/Accelerate.framework/Versions/A/Frameworks/vecLib.framework/Versions/A/libSparseBLAS.dylib
0x00007ff81e70d000 	/System/Library/Frameworks/Accelerate.framework/Versions/A/Frameworks/vecLib.framework/Versions/A/libQuadrature.dylib
0x00007ff81cd72000 	/System/Library/Frameworks/Accelerate.framework/Versions/A/Frameworks/vecLib.framework/Versions/A/libBNNS.dylib
0x00007ff814113000 	/System/Library/Frameworks/Accelerate.framework/Versions/A/Frameworks/vecLib.framework/Versions/A/libSparse.dylib
0x00007ff81cd6b000 	/System/Library/PrivateFrameworks/LinguisticData.framework/Versions/A/LinguisticData
0x00007ff8140c9000 	/System/Library/PrivateFrameworks/Lexicon.framework/Versions/A/Lexicon
0x00007ff81ebc3000 	/usr/lib/libChineseTokenizer.dylib
0x00007ff814834000 	/System/Library/PrivateFrameworks/LanguageModeling.framework/Versions/A/LanguageModeling
0x00007ff81e5dd000 	/System/Library/PrivateFrameworks/AppleSauce.framework/Versions/A/AppleSauce
0x00007ff81d609000 	/System/Library/PrivateFrameworks/CoreEmoji.framework/Versions/A/CoreEmoji
0x00007ff81e4dd000 	/usr/lib/libcmph.dylib
0x00007ff81acd6000 	/System/Library/Frameworks/OpenDirectory.framework/Versions/A/Frameworks/CFOpenDirectory.framework/Versions/A/CFOpenDirectory
0x00007ff81acca000 	/System/Library/Frameworks/OpenDirectory.framework/Versions/A/OpenDirectory
0x00007ff81eb1c000 	/System/Library/PrivateFrameworks/APFS.framework/Versions/A/APFS
0x00007ff81d91f000 	/System/Library/Frameworks/SecurityFoundation.framework/Versions/A/SecurityFoundation
0x00007ff81eb97000 	/usr/lib/libutil.dylib
0x00007ff815f24000 	/System/Library/PrivateFrameworks/CoreServicesStore.framework/Versions/A/CoreServicesStore
0x00007ff81eb9b000 	/usr/lib/libxslt.1.dylib
0x00007ff81d9ac000 	/System/Library/PrivateFrameworks/BackgroundTaskManagement.framework/Versions/A/BackgroundTaskManagement
0x00007ff82000b000 	/System/Library/Frameworks/ImageIO.framework/Versions/A/Resources/libRadiance.dylib
0x00007ff820014000 	/System/Library/Frameworks/ImageIO.framework/Versions/A/Resources/libJPEG.dylib
0x00007ff81ff63000 	/System/Library/Frameworks/ImageIO.framework/Versions/A/Resources/libPng.dylib
0x00007ff81ff84000 	/System/Library/Frameworks/ImageIO.framework/Versions/A/Resources/libTIFF.dylib
0x00007ff820074000 	/System/Library/Frameworks/ImageIO.framework/Versions/A/Resources/libGIF.dylib
0x00007ff81f89e000 	/System/Library/Frameworks/ImageIO.framework/Versions/A/Resources/libJP2.dylib
0x00007ff81efd9000 	/usr/lib/libexpat.1.dylib
0x00007ff81f853000 	/System/Library/PrivateFrameworks/AppleJPEG.framework/Versions/A/AppleJPEG
0x00007ff81c1bc000 	/System/Library/PrivateFrameworks/FontServices.framework/libFontParser.dylib
0x00007ff819ccf000 	/System/Library/PrivateFrameworks/RunningBoardServices.framework/Versions/A/RunningBoardServices
0x00007ff82a9e7000 	/System/Library/PrivateFrameworks/IOSurfaceAccelerator.framework/Versions/A/IOSurfaceAccelerator
0x00007ff81f980000 	/System/Library/PrivateFrameworks/WatchdogClient.framework/Versions/A/WatchdogClient
0x00007ff814922000 	/System/Library/Frameworks/CoreDisplay.framework/Versions/A/CoreDisplay
0x00007ff81c0ba000 	/System/Library/Frameworks/CoreMedia.framework/Versions/A/CoreMedia
0x00007ff81bf4e000 	/System/Library/PrivateFrameworks/IOAccelerator.framework/Versions/A/IOAccelerator
0x00007ff81ae53000 	/System/Library/Frameworks/CoreVideo.framework/Versions/A/CoreVideo
0x00007ff81e62e000 	/System/Library/Frameworks/MetalPerformanceShaders.framework/Versions/A/MetalPerformanceShaders
0x00007ff81f9bd000 	/System/Library/Frameworks/VideoToolbox.framework/Versions/A/VideoToolbox
0x00007ff819c19000 	/System/Library/PrivateFrameworks/BaseBoard.framework/Versions/A/BaseBoard
0x00007ff8199a0000 	/System/Library/PrivateFrameworks/ProtocolBuffer.framework/Versions/A/ProtocolBuffer
0x00007ff820004000 	/System/Library/PrivateFrameworks/GPUWrangler.framework/Versions/A/GPUWrangler
0x00007ff81ffe8000 	/System/Library/PrivateFrameworks/IOPresentment.framework/Versions/A/IOPresentment
0x00007ff82000e000 	/System/Library/PrivateFrameworks/DSExternalDisplay.framework/Versions/A/DSExternalDisplay
0x00007ffa2c391000 	/System/Library/Frameworks/OpenGL.framework/Versions/A/Libraries/libCoreFSCache.dylib
0x00007ffb1946a000 	/System/Library/PrivateFrameworks/GPUCompiler.framework/Versions/31001/Libraries/libGPUCompilerUtils.dylib
0x00007ff820079000 	/System/Library/PrivateFrameworks/CMCaptureCore.framework/Versions/A/CMCaptureCore
0x00007ff81f582000 	/System/Library/PrivateFrameworks/AppServerSupport.framework/Versions/A/AppServerSupport
0x00007ff821847000 	/System/Library/PrivateFrameworks/perfdata.framework/Versions/A/perfdata
0x00007ff814a4e000 	/System/Library/PrivateFrameworks/AudioToolboxCore.framework/Versions/A/AudioToolboxCore
0x00007ff81c098000 	/System/Library/PrivateFrameworks/caulk.framework/Versions/A/caulk
0x00007ff821159000 	/usr/lib/libAudioStatistics.dylib
0x00007ff918e4f000 	/System/Library/PrivateFrameworks/SystemPolicy.framework/Versions/A/SystemPolicy
0x00007ff8213b4000 	/usr/lib/libSMC.dylib
0x00007ff82a2df000 	/System/Library/Frameworks/CoreMIDI.framework/Versions/A/CoreMIDI
0x00007ff81ff32000 	/usr/lib/libAudioToolboxUtility.dylib
0x00007ff915077000 	/System/Library/PrivateFrameworks/OSAServicesClient.framework/Versions/A/OSAServicesClient
0x00007ff821854000 	/usr/lib/libperfcheck.dylib
0x00007ff919900000 	/usr/lib/libmis.dylib
0x00007ffa2c3ec000 	/System/Library/Frameworks/OpenGL.framework/Versions/A/Libraries/libGLU.dylib
0x00007ffa2c3b0000 	/System/Library/Frameworks/OpenGL.framework/Versions/A/Libraries/libGFXShared.dylib
0x00007ffa2c5b9000 	/System/Library/Frameworks/OpenGL.framework/Versions/A/Libraries/libGL.dylib
0x00007ffa2c3b9000 	/System/Library/Frameworks/OpenGL.framework/Versions/A/Libraries/libGLImage.dylib
0x00007ffa2c3ad000 	/System/Library/Frameworks/OpenGL.framework/Versions/A/Libraries/libCVMSPluginSupport.dylib
0x00007ffa2c398000 	/System/Library/Frameworks/OpenGL.framework/Versions/A/Libraries/libCoreVMClient.dylib
0x00007ff81cc03000 	/System/Library/Frameworks/MetalPerformanceShaders.framework/Versions/A/Frameworks/MPSCore.framework/Versions/A/MPSCore
0x00007ff81dfc5000 	/System/Library/Frameworks/MetalPerformanceShaders.framework/Versions/A/Frameworks/MPSImage.framework/Versions/A/MPSImage
0x00007ff81da6b000 	/System/Library/Frameworks/MetalPerformanceShaders.framework/Versions/A/Frameworks/MPSNeuralNetwork.framework/Versions/A/MPSNeuralNetwork
0x00007ff81dedf000 	/System/Library/Frameworks/MetalPerformanceShaders.framework/Versions/A/Frameworks/MPSMatrix.framework/Versions/A/MPSMatrix
0x00007ff81dc9a000 	/System/Library/Frameworks/MetalPerformanceShaders.framework/Versions/A/Frameworks/MPSRayIntersector.framework/Versions/A/MPSRayIntersector
0x00007ff81df17000 	/System/Library/Frameworks/MetalPerformanceShaders.framework/Versions/A/Frameworks/MPSNDArray.framework/Versions/A/MPSNDArray
0x00007ffa31e71000 	/System/Library/Frameworks/MetalPerformanceShaders.framework/Versions/A/Frameworks/MPSFunctions.framework/Versions/A/MPSFunctions
0x00007ff813d55000 	/System/Library/PrivateFrameworks/MetalTools.framework/Versions/A/MetalTools
0x00007ff81cc7f000 	/System/Library/PrivateFrameworks/AggregateDictionary.framework/Versions/A/AggregateDictionary
0x00007ff81edbb000 	/usr/lib/libIOReport.dylib
0x00007ffa2d9c8000 	/System/Library/Frameworks/OpenCL.framework/Versions/A/OpenCL
0x00007ff81f120000 	/System/Library/PrivateFrameworks/FaceCore.framework/Versions/A/FaceCore
0x00007ff81f111000 	/System/Library/PrivateFrameworks/GraphVisualizer.framework/Versions/A/GraphVisualizer
0x00007ffb19375000 	/System/Library/PrivateFrameworks/FontServices.framework/Versions/A/FontServices
0x00007ff81f53a000 	/System/Library/PrivateFrameworks/OTSVG.framework/Versions/A/OTSVG
0x00007ff81aa39000 	/System/Library/Frameworks/ApplicationServices.framework/Versions/A/Frameworks/ATS.framework/Versions/A/Resources/libFontRegistry.dylib
0x00007ff81f58a000 	/System/Library/PrivateFrameworks/FontServices.framework/libhvf.dylib
0x00007ffb19376000 	/System/Library/PrivateFrameworks/FontServices.framework/libXTFontStaticRegistryData.dylib
0x00007ff81ef89000 	/System/Library/PrivateFrameworks/AppleVA.framework/Versions/A/AppleVA
0x00007ff821179000 	/System/Library/Frameworks/ApplicationServices.framework/Versions/A/Frameworks/ATS.framework/Versions/A/ATS
0x00007ff8190e6000 	/System/Library/Frameworks/ApplicationServices.framework/Versions/A/Frameworks/HIServices.framework/Versions/A/HIServices
0x00007ff820083000 	/System/Library/Frameworks/ApplicationServices.framework/Versions/A/Frameworks/PrintCore.framework/Versions/A/PrintCore
0x00007ff821507000 	/System/Library/Frameworks/ApplicationServices.framework/Versions/A/Frameworks/QD.framework/Versions/A/QD
0x00007ff8214ff000 	/System/Library/Frameworks/ApplicationServices.framework/Versions/A/Frameworks/ColorSyncLegacy.framework/Versions/A/ColorSyncLegacy
0x00007ff821169000 	/System/Library/Frameworks/ApplicationServices.framework/Versions/A/Frameworks/SpeechSynthesis.framework/Versions/A/SpeechSynthesis
0x00007ff820044000 	/System/Library/Frameworks/ApplicationServices.framework/Versions/A/Frameworks/ATSUI.framework/Versions/A/ATSUI
0x00007ff821494000 	/usr/lib/libcups.2.dylib
0x00007ff821863000 	/System/Library/Frameworks/Kerberos.framework/Versions/A/Kerberos
0x00007ff821872000 	/System/Library/Frameworks/GSS.framework/Versions/A/GSS
0x00007ff8211e5000 	/usr/lib/libresolv.9.dylib
0x00007ff81f599000 	/System/Library/PrivateFrameworks/Heimdal.framework/Versions/A/Heimdal
0x00007ff828462000 	/System/Library/Frameworks/Kerberos.framework/Versions/A/Libraries/libHeimdalProxy.dylib
0x00007ff819da3000 	/System/Library/Frameworks/Network.framework/Versions/A/Network
0x00007ff81eff4000 	/usr/lib/libheimdal-asn1.dylib
0x00007ff8218bd000 	/System/Library/PrivateFrameworks/CommonAuth.framework/Versions/A/CommonAuth
0x00007ff8210eb000 	/System/Library/PrivateFrameworks/AudioSession.framework/Versions/A/AudioSession
0x00007ff81f084000 	/System/Library/PrivateFrameworks/MediaExperience.framework/Versions/A/MediaExperience
0x00007ff820f7d000 	/System/Library/PrivateFrameworks/AudioSession.framework/libSessionUtility.dylib
0x00007ff821513000 	/System/Library/PrivateFrameworks/AudioResourceArbitration.framework/Versions/A/AudioResourceArbitration
0x00007ff825594000 	/System/Library/PrivateFrameworks/PowerLog.framework/Versions/A/PowerLog
0x00007ff81effd000 	/System/Library/PrivateFrameworks/IconFoundation.framework/Versions/A/IconFoundation
0x00007ff82434a000 	/System/Library/PrivateFrameworks/SpeechRecognitionCore.framework/Versions/A/SpeechRecognitionCore
0x0000000102c22000 	/Library/Java/JavaVirtualMachines/jdk1.8.0_202.jdk/Contents/Home/jre/lib/server/libjvm.dylib
0x00007ffb2c807000 	/usr/lib/libstdc++.6.dylib
0x0000000101cac000 	/Library/Java/JavaVirtualMachines/jdk1.8.0_202.jdk/Contents/Home/jre/lib/libverify.dylib
0x0000000101cf0000 	/Library/Java/JavaVirtualMachines/jdk1.8.0_202.jdk/Contents/Home/jre/lib/libjava.dylib
0x0000000101cc3000 	/Library/Java/JavaVirtualMachines/jdk1.8.0_202.jdk/Contents/Home/jre/lib/libzip.dylib
0x0000000105131000 	/Library/Java/JavaVirtualMachines/jdk1.8.0_202.jdk/Contents/Home/jre/lib/libawt.dylib
0x00000001052a6000 	/Library/Java/JavaVirtualMachines/jdk1.8.0_202.jdk/Contents/Home/jre/lib/libmlib_image.dylib
0x00007ffa31dce000 	/System/Library/Frameworks/JavaNativeFoundation.framework/Versions/A/JavaNativeFoundation
0x00007ffa31dda000 	/System/Library/Frameworks/JavaRuntimeSupport.framework/Versions/A/JavaRuntimeSupport
0x00007ff918973000 	/System/Library/Frameworks/Carbon.framework/Versions/A/Carbon
0x00007ff82680f000 	/System/Library/PrivateFrameworks/CoreSymbolication.framework/Versions/A/CoreSymbolication
0x00007ff82bd7e000 	/System/Library/Frameworks/Carbon.framework/Versions/A/Frameworks/CommonPanels.framework/Versions/A/CommonPanels
0x00007ff827e44000 	/System/Library/Frameworks/Carbon.framework/Versions/A/Frameworks/Help.framework/Versions/A/Help
0x00007ff82bd82000 	/System/Library/Frameworks/Carbon.framework/Versions/A/Frameworks/ImageCapture.framework/Versions/A/ImageCapture
0x00007ff82bd52000 	/System/Library/Frameworks/Carbon.framework/Versions/A/Frameworks/OpenScripting.framework/Versions/A/OpenScripting
0x00007ff82bd7a000 	/System/Library/Frameworks/Carbon.framework/Versions/A/Frameworks/Ink.framework/Versions/A/Ink
0x00007ff91896f000 	/System/Library/Frameworks/Carbon.framework/Versions/A/Frameworks/Print.framework/Versions/A/Print
0x00007ff82bd76000 	/System/Library/Frameworks/Carbon.framework/Versions/A/Frameworks/SecurityHI.framework/Versions/A/SecurityHI
0x00007ff8267d4000 	/System/Library/PrivateFrameworks/DebugSymbols.framework/Versions/A/DebugSymbols
0x0000000105372000 	/Library/Java/JavaVirtualMachines/jdk1.8.0_202.jdk/Contents/Home/jre/lib/libawt_lwawt.dylib
0x0000000102ba7000 	/Library/Java/JavaVirtualMachines/jdk1.8.0_202.jdk/Contents/Home/jre/lib/libosxapp.dylib
0x00007ff917c3d000 	/System/Library/Frameworks/ExceptionHandling.framework/Versions/A/ExceptionHandling
0x00007ff815ee6000 	/System/Library/PrivateFrameworks/CoreServicesInternal.framework/Versions/A/CoreServicesInternal
0x00007ff825b85000 	/System/Library/Frameworks/FileProvider.framework/Versions/A/FileProvider
0x00007ff819b86000 	/System/Library/Frameworks/Accounts.framework/Versions/A/Accounts
0x00007ff825cfe000 	/System/Library/PrivateFrameworks/GenerationalStorage.framework/Versions/A/GenerationalStorage
0x00007ff825589000 	/System/Library/PrivateFrameworks/SymptomDiagnosticReporter.framework/Versions/A/SymptomDiagnosticReporter
0x00007ff8171a7000 	/System/Library/PrivateFrameworks/DesktopServicesPriv.framework/Versions/A/DesktopServicesPriv
0x00007ff816025000 	/usr/lib/libsandbox.1.dylib
0x00007ff81aed2000 	/System/Library/PrivateFrameworks/UserManagement.framework/Versions/A/UserManagement
0x00007ff8214f4000 	/System/Library/PrivateFrameworks/NetAuth.framework/Versions/A/NetAuth
0x00007ff822403000 	/System/Library/PrivateFrameworks/Sharing.framework/Versions/A/Sharing
0x00007ff81aea5000 	/System/Library/PrivateFrameworks/login.framework/Versions/A/Frameworks/loginsupport.framework/Versions/A/loginsupport
0x00007ff827972000 	/System/Library/PrivateFrameworks/Apple80211.framework/Versions/A/Apple80211
0x00007ff81e0aa000 	/System/Library/PrivateFrameworks/AuthKit.framework/Versions/A/AuthKit
0x00007ff81d6ff000 	/System/Library/PrivateFrameworks/CoreUtils.framework/Versions/A/CoreUtils
0x00007ff81d626000 	/System/Library/Frameworks/CoreWLAN.framework/Versions/A/CoreWLAN
0x00007ff822562000 	/System/Library/Frameworks/IOBluetooth.framework/Versions/A/IOBluetooth
0x00007ff8279da000 	/System/Library/PrivateFrameworks/CoreWiFi.framework/Versions/A/CoreWiFi
0x00007ff8263a8000 	/System/Library/PrivateFrameworks/FrontBoardServices.framework/Versions/A/FrontBoardServices
0x00007ff826439000 	/System/Library/PrivateFrameworks/BoardServices.framework/Versions/A/BoardServices
0x00007ff81d90e000 	/System/Library/PrivateFrameworks/AssertionServices.framework/Versions/A/AssertionServices
0x00007ff827b5d000 	/System/Library/PrivateFrameworks/BackBoardServices.framework/Versions/A/BackBoardServices
0x00007ff82194e000 	/System/Library/PrivateFrameworks/CorePhoneNumbers.framework/Versions/A/CorePhoneNumbers
0x00007ff821212000 	/System/Library/PrivateFrameworks/MultiverseSupport.framework/Versions/A/MultiverseSupport
0x00007ff827dd1000 	/System/Library/PrivateFrameworks/RemoteServiceDiscovery.framework/Versions/A/RemoteServiceDiscovery
0x00007ff8256a6000 	/System/Library/PrivateFrameworks/DiskManagement.framework/Versions/A/DiskManagement
0x00007ff8255ba000 	/System/Library/PrivateFrameworks/AppleIDAuthSupport.framework/Versions/A/AppleIDAuthSupport
0x00007ffb13cf0000 	/System/Library/PrivateFrameworks/AAAFoundation.framework/Versions/A/AAAFoundation
0x00007ff82192f000 	/System/Library/PrivateFrameworks/KeychainCircle.framework/Versions/A/KeychainCircle
0x00007ff827de1000 	/System/Library/PrivateFrameworks/RemoteXPC.framework/Versions/A/RemoteXPC
0x00007ff825672000 	/System/Library/PrivateFrameworks/MediaKit.framework/Versions/A/MediaKit
0x00007ff8255c6000 	/System/Library/Frameworks/DiscRecording.framework/Versions/A/DiscRecording
0x00007ff81ef01000 	/usr/lib/libCoreStorage.dylib
0x00007ff827e4c000 	/usr/lib/libcsfde.dylib
0x00007ff82262f000 	/System/Library/PrivateFrameworks/ProtectedCloudStorage.framework/Versions/A/ProtectedCloudStorage
0x00007ff827e48000 	/System/Library/PrivateFrameworks/EFILogin.framework/Versions/A/EFILogin
0x00007ff825d24000 	/System/Library/PrivateFrameworks/OctagonTrust.framework/Versions/A/OctagonTrust
0x00007ffb185d8000 	/System/Library/PrivateFrameworks/CoreUtilsExtras.framework/Versions/A/CoreUtilsExtras
0x00007ff8254ed000 	/System/Library/Frameworks/CoreBluetooth.framework/Versions/A/CoreBluetooth
0x00007ff8284e7000 	/System/Library/Frameworks/AudioUnit.framework/Versions/A/AudioUnit
0x00007ff81eef9000 	/usr/lib/libMatch.1.dylib
0x00007ff9206fb000 	/System/Library/CoreServices/RawCamera.bundle/Contents/MacOS/RawCamera
0x00007ff8218cd000 	/System/Library/PrivateFrameworks/MobileAsset.framework/Versions/A/MobileAsset
0x00007ff82850e000 	/System/Library/PrivateFrameworks/StreamingZip.framework/Versions/A/StreamingZip
0x00007ffb158cc000 	/System/Library/PrivateFrameworks/CMPhoto.framework/Versions/A/CMPhoto
0x00007ff8266aa000 	/System/Library/PrivateFrameworks/AppleVPA.framework/Versions/A/AppleVPA
0x00007ff8202ad000 	/System/Library/Frameworks/MediaToolbox.framework/Versions/A/MediaToolbox
0x00007ff825b55000 	/System/Library/PrivateFrameworks/CoreAVCHD.framework/Versions/A/CoreAVCHD
0x00007ff824a2a000 	/System/Library/Frameworks/MediaAccessibility.framework/Versions/A/MediaAccessibility
0x00007ff825b51000 	/System/Library/PrivateFrameworks/Mangrove.framework/Versions/A/Mangrove
0x00007ff824a35000 	/System/Library/PrivateFrameworks/AlgosScoreFramework.framework/Versions/A/AlgosScoreFramework
0x00007ff825796000 	/System/Library/PrivateFrameworks/CoreAUC.framework/Versions/A/CoreAUC
0x00007ff91df24000 	/System/Library/Frameworks/Accelerate.framework/Versions/A/Frameworks/vImage.framework/Versions/A/Libraries/libCGInterfaces.dylib
0x000000010656f000 	/usr/lib/libobjc-trampolines.dylib
0x00007ff82a9ef000 	/System/Library/PrivateFrameworks/FamilyControls.framework/Versions/A/FamilyControls
0x00007ff82aa13000 	/System/Library/PrivateFrameworks/CommerceKit.framework/Versions/A/Frameworks/CommerceCore.framework/Versions/A/CommerceCore
0x00007ff824a66000 	/System/Library/PrivateFrameworks/SystemAdministration.framework/Versions/A/SystemAdministration
0x00007ff822616000 	/System/Library/PrivateFrameworks/AppContainer.framework/Versions/A/AppContainer
0x00007ff82262b000 	/System/Library/PrivateFrameworks/SecCodeWrapper.framework/Versions/A/SecCodeWrapper
0x00007ff81edc4000 	/System/Library/PrivateFrameworks/CrashReporterSupport.framework/Versions/A/CrashReporterSupport
0x00007ff925941000 	/System/Library/PrivateFrameworks/OSAnalytics.framework/Versions/A/OSAnalytics
0x00007ff930aff000 	/System/Library/PrivateFrameworks/Symbolication.framework/Versions/A/Symbolication
0x00007ff9198d9000 	/System/Library/PrivateFrameworks/MallocStackLogging.framework/Versions/A/MallocStackLogging
0x00007ff81f651000 	/System/Library/PrivateFrameworks/login.framework/Versions/A/login
0x00007ff824316000 	/System/Library/Frameworks/DirectoryService.framework/Versions/A/DirectoryService
0x00007ff827ce9000 	/System/Library/PrivateFrameworks/DiskImages.framework/Versions/A/DiskImages
0x00007ff81d9b6000 	/System/Library/Frameworks/ServiceManagement.framework/Versions/A/ServiceManagement
0x00007ff827ed0000 	/System/Library/PrivateFrameworks/LoginUIKit.framework/Versions/A/Frameworks/LoginUICore.framework/Versions/A/LoginUICore
0x00007ff81f7fa000 	/usr/lib/libodfde.dylib
0x00007ff827e58000 	/usr/lib/libcurl.4.dylib
0x00007ffb2c2d6000 	/usr/lib/libcrypto.46.dylib
0x00007ffb2c7cb000 	/usr/lib/libssl.48.dylib
0x00007ff827b7b000 	/System/Library/Frameworks/LDAP.framework/Versions/A/LDAP
0x00007ff827bb3000 	/System/Library/PrivateFrameworks/TrustEvaluationAgent.framework/Versions/A/TrustEvaluationAgent
0x00007ff8211fe000 	/usr/lib/libsasl2.2.dylib
0x00007ff824a5a000 	/System/Library/PrivateFrameworks/CoreDaemon.framework/Versions/B/CoreDaemon
0x00007ff824a55000 	/System/Library/PrivateFrameworks/AppleSRP.framework/Versions/A/AppleSRP
0x00007ff81abca000 	/System/Library/PrivateFrameworks/ViewBridge.framework/Versions/A/ViewBridge
0x00007ffb2be6a000 	/usr/lib/libRosetta.dylib
0x00007ffa2c5c4000 	/System/Library/Frameworks/OpenGL.framework/Versions/A/Resources/GLEngine.bundle/GLEngine
0x00007ffa2c42a000 	/System/Library/Frameworks/OpenGL.framework/Versions/A/Libraries/libGLProgrammability.dylib
0x00007ffa21443000 	/System/Library/Extensions/AppleIntelKBLGraphicsGLDriver.bundle/Contents/MacOS/AppleIntelKBLGraphicsGLDriver
0x00007ff923a9b000 	/System/Library/PrivateFrameworks/GPUSupport.framework/Versions/A/Libraries/libGPUSupportMercury.dylib
0x000000012188c000 	/System/Library/Extensions/AMDRadeonX4000GLDriver.bundle/Contents/MacOS/AMDRadeonX4000GLDriver
0x00007ffa2ff44000 	/System/Library/Extensions/AMDRadeonX4000GLDriver.bundle/Contents/MacOS/ATIRadeonX4000SCLib.dylib
0x00007ffa1fb07000 	/System/Library/Extensions/AMDShared.bundle/Contents/PlugIns/libSC.dylib
0x00007ffa2c74e000 	/System/Library/Frameworks/OpenGL.framework/Versions/A/Resources/GLRendererFloat.bundle/GLRendererFloat
0x00000001217a5000 	/Library/Java/JavaVirtualMachines/jdk1.8.0_202.jdk/Contents/Home/jre/lib/libfontmanager.dylib
0x0000000121d0a000 	/Library/Java/JavaVirtualMachines/jdk1.8.0_202.jdk/Contents/Home/jre/lib/libosxui.dylib
0x0000000122155000 	/Library/Java/JavaVirtualMachines/jdk1.8.0_202.jdk/Contents/Home/jre/lib/libnet.dylib
0x000000012213e000 	/Library/Java/JavaVirtualMachines/jdk1.8.0_202.jdk/Contents/Home/jre/lib/libnio.dylib
0x0000000151868000 	/private/var/folders/hd/3mq_tls94rnf7268pdrr1_h80000gn/T/jogamp_0000/file_cache/jln3010339009959669005/jln7362770455544757816/libgluegen-rt.jnilib
0x0000000151874000 	/private/var/folders/hd/3mq_tls94rnf7268pdrr1_h80000gn/T/jogamp_0000/file_cache/jln3010339009959669005/jln7362770455544757816/libnativewindow_awt.jnilib
0x0000000151870000 	/Library/Java/JavaVirtualMachines/jdk1.8.0_202.jdk/Contents/Home/jre/lib/libjawt.dylib
0x000000015188d000 	/private/var/folders/hd/3mq_tls94rnf7268pdrr1_h80000gn/T/jogamp_0000/file_cache/jln3010339009959669005/jln7362770455544757816/libnativewindow_macosx.jnilib
0x00000001547cb000 	/private/var/folders/hd/3mq_tls94rnf7268pdrr1_h80000gn/T/jogamp_0000/file_cache/jln3010339009959669005/jln7362770455544757816/libjogl_desktop.jnilib
0x000000015207c000 	/Library/Java/JavaVirtualMachines/jdk1.8.0_202.jdk/Contents/Home/jre/lib/libt2k.dylib

VM Arguments:
jvm_args: -Djava.security.policy=java.policy.applet -Dfile.encoding=UTF-8 -Dstdout.encoding=UTF-8 -Dstderr.encoding=UTF-8 
java_command: sun.applet.AppletViewer module4.EarthquakeCityMap1734258507966.html
java_class_path (initial): /Users/taoubajouini/eclipse-workspace/UCSDUnfoldingMaps/build:/Users/taoubajouini/eclipse-workspace/UCSDUnfoldingMaps/lib/core.jar:/Users/taoubajouini/eclipse-workspace/UCSDUnfoldingMaps/lib/gluegen-rt.jar:/Users/taoubajouini/eclipse-workspace/UCSDUnfoldingMaps/lib/jogl-all.jar:/Users/taoubajouini/eclipse-workspace/UCSDUnfoldingMaps/lib/log4j-1.2.15.jar:/Users/taoubajouini/eclipse-workspace/UCSDUnfoldingMaps/lib/sqlite-jdbc-3.7.2.jar:/Users/taoubajouini/eclipse-workspace/UCSDUnfoldingMaps/lib/json4processing.jar:/Users/taoubajouini/eclipse-workspace/UCSDUnfoldingMaps/lib/libTUIO.jar:/Users/taoubajouini/eclipse-workspace/UCSDUnfoldingMaps/lib/unfolding.0.9.7-uscd.jar
Launcher Type: SUN_STANDARD

Environment Variables:
PATH=/usr/bin:/bin:/usr/sbin:/sbin
SHELL=/bin/bash

Signal Handlers:
SIGSEGV: [libjvm.dylib+0x5b719d], sa_mask[0]=11111111011111110111111111111111, sa_flags=SA_ONSTACK|SA_RESTART|SA_SIGINFO
SIGBUS: [libjvm.dylib+0x5b719d], sa_mask[0]=11111111011111110111111111111111, sa_flags=SA_RESTART|SA_SIGINFO
SIGFPE: [libjvm.dylib+0x48c8fc], sa_mask[0]=11111111011111110111111111111111, sa_flags=SA_RESTART|SA_SIGINFO
SIGPIPE: [libjvm.dylib+0x48c8fc], sa_mask[0]=11111111011111110111111111111111, sa_flags=SA_RESTART|SA_SIGINFO
SIGXFSZ: [libjvm.dylib+0x48c8fc], sa_mask[0]=11111111011111110111111111111111, sa_flags=SA_RESTART|SA_SIGINFO
SIGILL: [libjvm.dylib+0x48c8fc], sa_mask[0]=11111111011111110111111111111111, sa_flags=SA_RESTART|SA_SIGINFO
SIGUSR1: SIG_DFL, sa_mask[0]=00000000000000000000000000000000, sa_flags=none
SIGUSR2: [libjvm.dylib+0x48c41a], sa_mask[0]=00000000000000000000000000000000, sa_flags=SA_RESTART|SA_SIGINFO
SIGHUP: [libjvm.dylib+0x48a9a5], sa_mask[0]=11111111011111110111111111111111, sa_flags=SA_RESTART|SA_SIGINFO
SIGINT: [libjvm.dylib+0x48a9a5], sa_mask[0]=11111111011111110111111111111111, sa_flags=SA_RESTART|SA_SIGINFO
SIGTERM: [libjvm.dylib+0x48a9a5], sa_mask[0]=11111111011111110111111111111111, sa_flags=SA_RESTART|SA_SIGINFO
SIGQUIT: [libjvm.dylib+0x48a9a5], sa_mask[0]=11111111011111110111111111111111, sa_flags=SA_RESTART|SA_SIGINFO


---------------  S Y S T E M  ---------------

OS:Bsduname:Darwin 21.6.0 Darwin Kernel Version 21.6.0: Thu Jul  6 22:18:26 PDT 2023; root:xnu-8020.240.18.702.13~1/RELEASE_X86_64 x86_64
rlimit: STACK 8192k, CORE 0k, NPROC 2784, NOFILE 10240, AS infinity
load average:2.41 2.63 2.65

CPU:total 12 (initial active 12) (6 cores per cpu, 2 threads per core) family 6 model 158 stepping 10, cmov, cx8, fxsr, mmx, sse, sse2, sse3, ssse3, sse4.1, sse4.2, popcnt, avx, avx2, aes, clmul, erms, 3dnowpref, lzcnt, ht, tsc, tscinvbit, bmi1, bmi2, adx

Memory: 4k page, physical 16777216k(465104k free)

/proc/meminfo:


vm_info: Java HotSpot(TM) 64-Bit Server VM (25.202-b08) for bsd-amd64 JRE (1.8.0_202-b08), built on Dec 15 2018 20:16:16 by "java_re" with gcc 4.2.1 (Based on Apple Inc. build 5658) (LLVM build 2336.11.00)

time: Sun Dec 15 12:52:43 2024
timezone: CET
elapsed time: 5055 seconds (0d 1h 24m 15s)

