#
# A fatal error has been detected by the Java Runtime Environment:
#
#  SIGSEGV (0xb) at pc=0x00007ff81344641d, pid=97060, tid=0x0000000000000103
#
# JRE version: Java(TM) SE Runtime Environment (8.0_202-b08) (build 1.8.0_202-b08)
# Java VM: Java HotSpot(TM) 64-Bit Server VM (25.202-b08 mixed mode bsd-amd64 compressed oops)
# Problematic frame:
# C  [libobjc.A.dylib+0x641d]  objc_msgSend+0x1d
#
# Failed to write core dump. Core dumps have been disabled. To enable core dumping, try "ulimit -c unlimited" before starting Java again
#
# If you would like to submit a bug report, please visit:
#   http://bugreport.java.com/bugreport/crash.jsp
# The crash happened outside the Java Virtual Machine in native code.
# See problematic frame for where to report the bug.
#

---------------  T H R E A D  ---------------

Current thread (0x00007fdbed0be800):  JavaThread "AWT-AppKit" daemon [_thread_in_native, id=259, stack(0x00007ff7b8f05000,0x00007ff7b9705000)]

siginfo: si_signo: 11 (SIGSEGV), si_code: 1 (SEGV_MAPERR), si_addr: 0x000002ef4dd19438

Registers:
RAX=0x0000600003719c70, RBX=0x00000001564c1450, RCX=0x0000000000000000, RDX=0x0000000000000001
RSP=0x00007ff7b9700178, RBP=0x00007ff7b9700230, RSI=0x00007ff82da5305d, RDI=0x00006000014e9420
R8 =0x0000000000000000, R9 =0x0000000008000100, R10=0x000002ef4dd19420, R11=0x00007ff82da5305d
R12=0x0000000000000000, R13=0x00000001590da958, R14=0x00000001564c1440, R15=0x00007fdbed0be800
RIP=0x00007ff81344641d, EFLAGS=0x0000000000010202, ERR=0x0000000000000004
  TRAPNO=0x000000000000000e

Top of Stack: (sp=0x00007ff7b9700178)
0x00007ff7b9700178:   00000001564bf157 00007ff7b97001d0
0x00007ff7b9700188:   0000000000000003 00007ff7b97001b0
0x00007ff7b9700198:   0000000107a03952 00000001590da958
0x00007ff7b97001a8:   00000001590da958 0000600003719c70
0x00007ff7b97001b8:   00000001564c16a0 00000001564c1710
0x00007ff7b97001c8:   00007ff856287918 00007ff855020670
0x00007ff7b97001d8:   00000001564c1450 00000001564c1690
0x00007ff7b97001e8:   0000600003719c70 00006000014e9420
0x00007ff7b97001f8:   0000600001a269a0 0000600003719c70
0x00007ff7b9700208:   00006000014e9420 00007ff7b97002b8
0x00007ff7b9700218:   00007fdbed0be9f8 00000001590da958
0x00007ff7b9700228:   00007ff7b97002e0 00007ff7b97002a8
0x00007ff7b9700238:   0000000111ea9667 00000001590da958
0x00007ff7b9700248:   00007ff7b97002e0 00007ff7b97002a8
0x00007ff7b9700258:   0000000111ea93c7 0000000111ea9382
0x00007ff7b9700268:   00007ff7b9700268 00000001590da958
0x00007ff7b9700278:   00007ff7b97002e0 00000001590dd590
0x00007ff7b9700288:   0000000000000000 00000001590da958
0x00007ff7b9700298:   0000000000000000 00007ff7b97002c8
0x00007ff7b97002a8:   00007ff7b9700328 0000000111e992bd
0x00007ff7b97002b8:   00000006c08aa918 0000000111ea2d18
0x00007ff7b97002c8:   0000600003719c70 00007ff7b9700328
0x00007ff7b97002d8:   00006000014e9420 0000000111ea4782
0x00007ff7b97002e8:   00007ff7b97002e8 00000001590dab22
0x00007ff7b97002f8:   00007ff7b9700350 00000001590dd590
0x00007ff7b9700308:   0000000000000000 00000001590dab30
0x00007ff7b9700318:   00007ff7b97002c8 00007ff7b9700338
0x00007ff7b9700328:   00007ff7b9700398 0000000111e992bd
0x00007ff7b9700338:   0000600003719c70 00000006c05b4670
0x00007ff7b9700348:   00006000014e9420 00000006c05b4670
0x00007ff7b9700358:   00007ff7b9700358 000000015d7e824e
0x00007ff7b9700368:   00007ff7b97003a8 000000015d7e8308 

Instructions: (pc=0x00007ff81344641d)
0x00007ff8134463fd:   44 00 00 48 85 ff 2e 74 72 40 f6 c7 01 2e 75 76
0x00007ff81344640d:   49 ba f8 ff ff ff ff 7f 00 00 4c 23 17 49 89 f3
0x00007ff81344641d:   45 23 5a 18 49 c1 e3 04 4d 03 5a 10 49 3b 33 75
0x00007ff81344642d:   0a 4d 8b 5b 08 4d 31 d3 41 ff e3 49 83 3b 01 76 

Register to memory mapping:

RAX=0x0000600003719c70 is an unknown value
RBX=0x00000001564c1450: <offset 0x7450> in /private/var/folders/hd/3mq_tls94rnf7268pdrr1_h80000gn/T/jogamp_0000/file_cache/jln1631277707339981295/jln5577595786501103790/libnativewindow_macosx.jnilib at 0x00000001564ba000
RCX=0x0000000000000000 is an unknown value
RDX=0x0000000000000001 is an unknown value
RSP=0x00007ff7b9700178 is pointing into the stack for thread: 0x00007fdbed0be800
RBP=0x00007ff7b9700230 is pointing into the stack for thread: 0x00007fdbed0be800
RSI=0x00007ff82da5305d is an unknown value
RDI=0x00006000014e9420 is an unknown value
R8 =0x0000000000000000 is an unknown value
R9 =0x0000000008000100 is an unknown value
R10=0x000002ef4dd19420 is an unknown value
R11=0x00007ff82da5305d is an unknown value
R12=0x0000000000000000 is an unknown value
R13={method} {0x00000001590da958} 'UnsetJAWTRootSurfaceLayer0' '(JJ)V' in 'jogamp/nativewindow/jawt/macosx/MacOSXJAWTWindow'
R14=0x00000001564c1440: <offset 0x7440> in /private/var/folders/hd/3mq_tls94rnf7268pdrr1_h80000gn/T/jogamp_0000/file_cache/jln1631277707339981295/jln5577595786501103790/libnativewindow_macosx.jnilib at 0x00000001564ba000
R15=0x00007fdbed0be800 is a thread


Stack: [0x00007ff7b8f05000,0x00007ff7b9705000],  sp=0x00007ff7b9700178,  free space=8172k
Native frames: (J=compiled Java code, j=interpreted, Vv=VM code, C=native code)
C  [libobjc.A.dylib+0x641d]  objc_msgSend+0x1d
j  jogamp.nativewindow.jawt.macosx.MacOSXJAWTWindow.UnsetJAWTRootSurfaceLayer0(JJ)V+0
j  jogamp.nativewindow.jawt.macosx.MacOSXJAWTWindow.access$200(JJ)V+2
j  jogamp.nativewindow.jawt.macosx.MacOSXJAWTWindow$1.run()V+38
J 2446 C1 com.jogamp.common.util.RunnableTask.run()V (345 bytes) @ 0x00000001126faeb4 [0x00000001126fad20+0x194]
v  ~StubRoutines::call_stub
V  [libjvm.dylib+0x2f0d1e]
V  [libjvm.dylib+0x32805c]
V  [libjvm.dylib+0x31a83f]
C  [libnativewindow_macosx.jnilib+0x5326]  Java_jogamp_nativewindow_jawt_macosx_MacOSXJAWTWindow_UnsetJAWTRootSurfaceLayer0+0x2b6
C  [Foundation+0x81517]  __NSThreadPerformPerform+0xb3
C  [CoreFoundation+0x8015b]  __CFRUNLOOP_IS_CALLING_OUT_TO_A_SOURCE0_PERFORM_FUNCTION__+0x11
C  [CoreFoundation+0x800c3]  __CFRunLoopDoSource0+0xb4
C  [CoreFoundation+0x7fe3d]  __CFRunLoopDoSources0+0xf2
C  [CoreFoundation+0x7e858]  __CFRunLoopRun+0x37c
C  [CoreFoundation+0x7de1c]  CFRunLoopRunSpecific+0x232
C  [HIToolbox+0x2e5e6]  RunCurrentEventLoopInMode+0x124
C  [HIToolbox+0x2e213]  ReceiveNextEventCommon+0x11b
C  [HIToolbox+0x2e0e5]  _BlockUntilNextEventMatchingListInModeWithFilter+0x46
C  [AppKit+0x3ef6d]  _DPSNextEvent+0x39f
C  [AppKit+0x3d62a]  -[NSApplication(NSEvent) _nextEventMatchingEventMask:untilDate:inMode:dequeue:]+0x572
C  [libosxapp.dylib+0x2328]  -[NSApplicationAWT nextEventMatchingMask:untilDate:inMode:dequeue:]+0x7c
C  [AppKit+0x2fcd9]  -[NSApplication run]+0x24a
C  [libosxapp.dylib+0x1f72]  +[NSApplicationAWT runAWTLoopWithApp:]+0x9c
C  [libawt_lwawt.dylib+0x480bf]  -[AWTStarter starter:]+0x389
C  [Foundation+0x81517]  __NSThreadPerformPerform+0xb3
C  [CoreFoundation+0x8015b]  __CFRUNLOOP_IS_CALLING_OUT_TO_A_SOURCE0_PERFORM_FUNCTION__+0x11
C  [CoreFoundation+0x800c3]  __CFRunLoopDoSource0+0xb4
C  [CoreFoundation+0x7fe3d]  __CFRunLoopDoSources0+0xf2
C  [CoreFoundation+0x7e858]  __CFRunLoopRun+0x37c
C  [CoreFoundation+0x7de1c]  CFRunLoopRunSpecific+0x232
C  [java+0x646e]  CreateExecutionEnvironment+0x367
C  [java+0x203c]  JLI_Launch+0x7a0
C  [java+0x84cb]  main+0x65
C  [java+0x1894]  start+0x34
C  0x0000000000000009

Java frames: (J=compiled Java code, j=interpreted, Vv=VM code)
j  jogamp.nativewindow.jawt.macosx.MacOSXJAWTWindow.UnsetJAWTRootSurfaceLayer0(JJ)V+0
j  jogamp.nativewindow.jawt.macosx.MacOSXJAWTWindow.access$200(JJ)V+2
j  jogamp.nativewindow.jawt.macosx.MacOSXJAWTWindow$1.run()V+38
J 2446 C1 com.jogamp.common.util.RunnableTask.run()V (345 bytes) @ 0x00000001126faeb4 [0x00000001126fad20+0x194]
v  ~StubRoutines::call_stub

---------------  P R O C E S S  ---------------

Java Threads: ( => current thread )
  0x00007fdbef57d000 JavaThread "Thread-19" [_thread_blocked, id=25215, stack(0x000070000ae72000,0x000070000af72000)]
  0x00007fdbef39f800 JavaThread "Animation Thread" [_thread_blocked, id=68455, stack(0x000070000b50d000,0x000070000b60d000)]
  0x00007fdbed98a000 JavaThread "AWT-EventQueue-1" [_thread_blocked, id=69183, stack(0x000070000b610000,0x000070000b710000)]
  0x00007fdbef809000 JavaThread "DestroyJavaVM" [_thread_blocked, id=4099, stack(0x00007000096a7000,0x00007000097a7000)]
  0x00007fdbee869800 JavaThread "AWT-EventQueue-0" [_thread_blocked, id=75779, stack(0x000070000b40a000,0x000070000b50a000)]
  0x00007fdbee85d800 JavaThread "Java2D Disposer" daemon [_thread_blocked, id=76803, stack(0x000070000b204000,0x000070000b304000)]
  0x00007fdbef0b6000 JavaThread "Java2D Queue Flusher" daemon [_thread_blocked, id=51975, stack(0x000070000b101000,0x000070000b201000)]
  0x00007fdbed0bf000 JavaThread "AWT-Shutdown" [_thread_blocked, id=36867, stack(0x000070000acec000,0x000070000adec000)]
=>0x00007fdbed0be800 JavaThread "AWT-AppKit" daemon [_thread_in_native, id=259, stack(0x00007ff7b8f05000,0x00007ff7b9705000)]
  0x00007fdbef029000 JavaThread "Service Thread" daemon [_thread_blocked, id=16643, stack(0x000070000aae6000,0x000070000abe6000)]
  0x00007fdbed059000 JavaThread "C1 CompilerThread3" daemon [_thread_blocked, id=15875, stack(0x000070000a9e3000,0x000070000aae3000)]
  0x00007fdbed00e000 JavaThread "C2 CompilerThread2" daemon [_thread_blocked, id=17155, stack(0x000070000a8e0000,0x000070000a9e0000)]
  0x00007fdbef016800 JavaThread "C2 CompilerThread1" daemon [_thread_blocked, id=17667, stack(0x000070000a7dd000,0x000070000a8dd000)]
  0x00007fdbf002d800 JavaThread "C2 CompilerThread0" daemon [_thread_blocked, id=17923, stack(0x000070000a6da000,0x000070000a7da000)]
  0x00007fdbf002d000 JavaThread "Signal Dispatcher" daemon [_thread_blocked, id=15363, stack(0x000070000a5d7000,0x000070000a6d7000)]
  0x00007fdbf0010000 JavaThread "Finalizer" daemon [_thread_blocked, id=13059, stack(0x000070000a3ce000,0x000070000a4ce000)]
  0x00007fdbed048000 JavaThread "Reference Handler" daemon [_thread_blocked, id=19715, stack(0x000070000a2cb000,0x000070000a3cb000)]

Other Threads:
  0x00007fdbed816000 VMThread [stack: 0x000070000a1c8000,0x000070000a2c8000] [id=20227]
  0x00007fdbed074000 WatcherThread [stack: 0x000070000abe9000,0x000070000ace9000] [id=21763]

VM state:not at safepoint (normal execution)

VM Mutex/Monitor currently owned by a thread: None

heap address: 0x00000006c0000000, size: 4096 MB, Compressed Oops mode: Zero based, Oop shift amount: 3
Narrow klass base: 0x0000000000000000, Narrow klass shift: 3
Compressed class space size: 1073741824 Address: 0x00000007c0000000

Heap:
 PSYoungGen      total 83456K, used 47331K [0x000000076ab00000, 0x0000000772480000, 0x00000007c0000000)
  eden space 82944K, 56% used [0x000000076ab00000,0x000000076d8f0c88,0x000000076fc00000)
  from space 512K, 56% used [0x0000000772400000,0x0000000772448000,0x0000000772480000)
  to   space 18944K, 0% used [0x000000076ff80000,0x000000076ff80000,0x0000000771200000)
 ParOldGen       total 122880K, used 15275K [0x00000006c0000000, 0x00000006c7800000, 0x000000076ab00000)
  object space 122880K, 12% used [0x00000006c0000000,0x00000006c0eeace0,0x00000006c7800000)
 Metaspace       used 21227K, capacity 21579K, committed 22016K, reserved 1069056K
  class space    used 2113K, capacity 2222K, committed 2304K, reserved 1048576K

Card table byte_map: [0x0000000106dc4000,0x00000001075c5000] byte_map_base: 0x00000001037c4000

Marking Bits: (ParMarkBitMap*) 0x00000001081bbe40
 Begin Bits: [0x0000000108dcf000, 0x000000010cdcf000)
 End Bits:   [0x000000010cdcf000, 0x0000000110dcf000)

Polling page: 0x000000010693d000

CodeCache: size=245760Kb used=9858Kb max_used=9870Kb free=235901Kb
 bounds [0x0000000111e91000, 0x0000000112841000, 0x0000000120e91000]
 total_blobs=3659 nmethods=2744 adapters=828
 compilation: enabled

Compilation events (10 events):
Event: 88.723 Thread 0x00007fdbef016800 2753   !   4       java.awt.Font::equals (132 bytes)
Event: 88.723 Thread 0x00007fdbed059000 nmethod 2752 0x0000000111fb3890 code [0x0000000111fb39e0, 0x0000000111fb3af0]
Event: 88.723 Thread 0x00007fdbed059000 2754       3       sun.java2d.pipe.RenderBuffer::putFloat (26 bytes)
Event: 88.723 Thread 0x00007fdbed059000 nmethod 2754 0x0000000111ffe6d0 code [0x0000000111ffe840, 0x0000000111ffe9d0]
Event: 88.725 Thread 0x00007fdbef016800 nmethod 2753 0x0000000111fff710 code [0x0000000111fff880, 0x0000000111fffbd8]
Event: 88.737 Thread 0x00007fdbed00e000 2756       4       java.awt.AWTEvent::<init> (81 bytes)
Event: 88.739 Thread 0x00007fdbed00e000 nmethod 2756 0x0000000112046a10 code [0x0000000112046b80, 0x0000000112046cf8]
Event: 88.743 Thread 0x00007fdbf002d800 2757  s!   4       sun.misc.URLClassPath::getLoader (243 bytes)
Event: 88.745 Thread 0x00007fdbed059000 2758       3       java.util.IdentityHashMap::hash (18 bytes)
Event: 88.745 Thread 0x00007fdbed059000 nmethod 2758 0x0000000112046690 code [0x0000000112046800, 0x0000000112046988]

GC Heap History (10 events):
Event: 3.988 GC heap before
{Heap before GC invocations=3 (full 1):
 PSYoungGen      total 76288K, used 10746K [0x000000076ab00000, 0x0000000770000000, 0x00000007c0000000)
  eden space 65536K, 0% used [0x000000076ab00000,0x000000076ab00000,0x000000076eb00000)
  from space 10752K, 99% used [0x000000076f580000,0x000000076fffe840,0x0000000770000000)
  to   space 10752K, 0% used [0x000000076eb00000,0x000000076eb00000,0x000000076f580000)
 ParOldGen       total 175104K, used 7408K [0x00000006c0000000, 0x00000006cab00000, 0x000000076ab00000)
  object space 175104K, 4% used [0x00000006c0000000,0x00000006c073c0c8,0x00000006cab00000)
 Metaspace       used 20579K, capacity 20921K, committed 21248K, reserved 1069056K
  class space    used 2104K, capacity 2195K, committed 2304K, reserved 1048576K
Event: 4.031 GC heap after
Heap after GC invocations=3 (full 1):
 PSYoungGen      total 76288K, used 0K [0x000000076ab00000, 0x0000000770000000, 0x00000007c0000000)
  eden space 65536K, 0% used [0x000000076ab00000,0x000000076ab00000,0x000000076eb00000)
  from space 10752K, 0% used [0x000000076f580000,0x000000076f580000,0x0000000770000000)
  to   space 10752K, 0% used [0x000000076eb00000,0x000000076eb00000,0x000000076f580000)
 ParOldGen       total 122880K, used 15251K [0x00000006c0000000, 0x00000006c7800000, 0x000000076ab00000)
  object space 122880K, 12% used [0x00000006c0000000,0x00000006c0ee4ce0,0x00000006c7800000)
 Metaspace       used 20567K, capacity 20897K, committed 21248K, reserved 1069056K
  class space    used 2100K, capacity 2187K, committed 2304K, reserved 1048576K
}
Event: 18.808 GC heap before
{Heap before GC invocations=4 (full 1):
 PSYoungGen      total 76288K, used 65536K [0x000000076ab00000, 0x0000000770000000, 0x00000007c0000000)
  eden space 65536K, 100% used [0x000000076ab00000,0x000000076eb00000,0x000000076eb00000)
  from space 10752K, 0% used [0x000000076f580000,0x000000076f580000,0x0000000770000000)
  to   space 10752K, 0% used [0x000000076eb00000,0x000000076eb00000,0x000000076f580000)
 ParOldGen       total 122880K, used 15251K [0x00000006c0000000, 0x00000006c7800000, 0x000000076ab00000)
  object space 122880K, 12% used [0x00000006c0000000,0x00000006c0ee4ce0,0x00000006c7800000)
 Metaspace       used 21161K, capacity 21479K, committed 22016K, reserved 1069056K
  class space    used 2100K, capacity 2188K, committed 2304K, reserved 1048576K
Event: 18.810 GC heap after
Heap after GC invocations=4 (full 1):
 PSYoungGen      total 76288K, used 256K [0x000000076ab00000, 0x0000000771680000, 0x00000007c0000000)
  eden space 65536K, 0% used [0x000000076ab00000,0x000000076ab00000,0x000000076eb00000)
  from space 10752K, 2% used [0x000000076eb00000,0x000000076eb40000,0x000000076f580000)
  to   space 10752K, 0% used [0x0000000770c00000,0x0000000770c00000,0x0000000771680000)
 ParOldGen       total 122880K, used 15259K [0x00000006c0000000, 0x00000006c7800000, 0x000000076ab00000)
  object space 122880K, 12% used [0x00000006c0000000,0x00000006c0ee6ce0,0x00000006c7800000)
 Metaspace       used 21161K, capacity 21479K, committed 22016K, reserved 1069056K
  class space    used 2100K, capacity 2188K, committed 2304K, reserved 1048576K
}
Event: 35.174 GC heap before
{Heap before GC invocations=5 (full 1):
 PSYoungGen      total 76288K, used 65792K [0x000000076ab00000, 0x0000000771680000, 0x00000007c0000000)
  eden space 65536K, 100% used [0x000000076ab00000,0x000000076eb00000,0x000000076eb00000)
  from space 10752K, 2% used [0x000000076eb00000,0x000000076eb40000,0x000000076f580000)
  to   space 10752K, 0% used [0x0000000770c00000,0x0000000770c00000,0x0000000771680000)
 ParOldGen       total 122880K, used 15259K [0x00000006c0000000, 0x00000006c7800000, 0x000000076ab00000)
  object space 122880K, 12% used [0x00000006c0000000,0x00000006c0ee6ce0,0x00000006c7800000)
 Metaspace       used 21162K, capacity 21479K, committed 22016K, reserved 1069056K
  class space    used 2100K, capacity 2188K, committed 2304K, reserved 1048576K
Event: 35.176 GC heap after
Heap after GC invocations=5 (full 1):
 PSYoungGen      total 91136K, used 256K [0x000000076ab00000, 0x0000000771280000, 0x00000007c0000000)
  eden space 84480K, 0% used [0x000000076ab00000,0x000000076ab00000,0x000000076fd80000)
  from space 6656K, 3% used [0x0000000770c00000,0x0000000770c40000,0x0000000771280000)
  to   space 10752K, 0% used [0x000000076fd80000,0x000000076fd80000,0x0000000770800000)
 ParOldGen       total 122880K, used 15267K [0x00000006c0000000, 0x00000006c7800000, 0x000000076ab00000)
  object space 122880K, 12% used [0x00000006c0000000,0x00000006c0ee8ce0,0x00000006c7800000)
 Metaspace       used 21162K, capacity 21479K, committed 22016K, reserved 1069056K
  class space    used 2100K, capacity 2188K, committed 2304K, reserved 1048576K
}
Event: 56.443 GC heap before
{Heap before GC invocations=6 (full 1):
 PSYoungGen      total 91136K, used 84736K [0x000000076ab00000, 0x0000000771280000, 0x00000007c0000000)
  eden space 84480K, 100% used [0x000000076ab00000,0x000000076fd80000,0x000000076fd80000)
  from space 6656K, 3% used [0x0000000770c00000,0x0000000770c40000,0x0000000771280000)
  to   space 10752K, 0% used [0x000000076fd80000,0x000000076fd80000,0x0000000770800000)
 ParOldGen       total 122880K, used 15267K [0x00000006c0000000, 0x00000006c7800000, 0x000000076ab00000)
  object space 122880K, 12% used [0x00000006c0000000,0x00000006c0ee8ce0,0x00000006c7800000)
 Metaspace       used 21162K, capacity 21479K, committed 22016K, reserved 1069056K
  class space    used 2100K, capacity 2188K, committed 2304K, reserved 1048576K
Event: 56.445 GC heap after
Heap after GC invocations=6 (full 1):
 PSYoungGen      total 95232K, used 192K [0x000000076ab00000, 0x0000000773780000, 0x00000007c0000000)
  eden space 84480K, 0% used [0x000000076ab00000,0x000000076ab00000,0x000000076fd80000)
  from space 10752K, 1% used [0x000000076fd80000,0x000000076fdb0000,0x0000000770800000)
  to   space 19968K, 0% used [0x0000000772400000,0x0000000772400000,0x0000000773780000)
 ParOldGen       total 122880K, used 15275K [0x00000006c0000000, 0x00000006c7800000, 0x000000076ab00000)
  object space 122880K, 12% used [0x00000006c0000000,0x00000006c0eeace0,0x00000006c7800000)
 Metaspace       used 21162K, capacity 21479K, committed 22016K, reserved 1069056K
  class space    used 2100K, capacity 2188K, committed 2304K, reserved 1048576K
}
Event: 77.791 GC heap before
{Heap before GC invocations=7 (full 1):
 PSYoungGen      total 95232K, used 84672K [0x000000076ab00000, 0x0000000773780000, 0x00000007c0000000)
  eden space 84480K, 100% used [0x000000076ab00000,0x000000076fd80000,0x000000076fd80000)
  from space 10752K, 1% used [0x000000076fd80000,0x000000076fdb0000,0x0000000770800000)
  to   space 19968K, 0% used [0x0000000772400000,0x0000000772400000,0x0000000773780000)
 ParOldGen       total 122880K, used 15275K [0x00000006c0000000, 0x00000006c7800000, 0x000000076ab00000)
  object space 122880K, 12% used [0x00000006c0000000,0x00000006c0eeace0,0x00000006c7800000)
 Metaspace       used 21162K, capacity 21479K, committed 22016K, reserved 1069056K
  class space    used 2100K, capacity 2188K, committed 2304K, reserved 1048576K
Event: 77.793 GC heap after
Heap after GC invocations=7 (full 1):
 PSYoungGen      total 83456K, used 288K [0x000000076ab00000, 0x0000000772480000, 0x00000007c0000000)
  eden space 82944K, 0% used [0x000000076ab00000,0x000000076ab00000,0x000000076fc00000)
  from space 512K, 56% used [0x0000000772400000,0x0000000772448000,0x0000000772480000)
  to   space 18944K, 0% used [0x000000076ff80000,0x000000076ff80000,0x0000000771200000)
 ParOldGen       total 122880K, used 15275K [0x00000006c0000000, 0x00000006c7800000, 0x000000076ab00000)
  object space 122880K, 12% used [0x00000006c0000000,0x00000006c0eeace0,0x00000006c7800000)
 Metaspace       used 21162K, capacity 21479K, committed 22016K, reserved 1069056K
  class space    used 2100K, capacity 2188K, committed 2304K, reserved 1048576K
}

Deoptimization events (10 events):
Event: 88.721 Thread 0x00007fdbed98a000 Uncommon trap: reason=unstable_if action=reinterpret pc=0x00000001124924e8 method=com.jogamp.common.util.VersionNumber.compareTo(Lcom/jogamp/common/util/VersionNumber;)I @ 21
Event: 88.722 Thread 0x00007fdbee869800 Uncommon trap: reason=unstable_if action=reinterpret pc=0x000000011282ed50 method=sun.lwawt.LWContainerPeer.cutChildren(Lsun/java2d/pipe/Region;Lsun/lwawt/LWComponentPeer;)Lsun/java2d/pipe/Region; @ 67
Event: 88.722 Thread 0x00007fdbee869800 Uncommon trap: reason=unstable_if action=reinterpret pc=0x00000001127f4f0c method=java.lang.Math.round(D)J @ 31
Event: 88.722 Thread 0x00007fdbee869800 Uncommon trap: reason=unstable_if action=reinterpret pc=0x00000001127d9aac method=sun.java2d.SunGraphics2D.validateCompClip()V @ 9
Event: 88.723 Thread 0x00007fdbee869800 Uncommon trap: reason=unstable_if action=reinterpret pc=0x00000001127fea64 method=sun.java2d.pipe.Region.intersectsQuickCheck(Lsun/java2d/pipe/Region;)Z @ 41
Event: 88.723 Thread 0x00007fdbee869800 Uncommon trap: reason=unstable_if action=reinterpret pc=0x000000011257e6b8 method=java.awt.font.FontRenderContext.equals(Ljava/awt/font/FontRenderContext;)Z @ 2
Event: 88.737 Thread 0x00007fdbed962800 Uncommon trap: reason=unstable_if action=reinterpret pc=0x000000011236fb98 method=java.util.HashMap.putVal(ILjava/lang/Object;Ljava/lang/Object;ZZ)Ljava/lang/Object; @ 81
Event: 88.737 Thread 0x00007fdbed962800 Uncommon trap: reason=unstable_if action=reinterpret pc=0x000000011235f008 method=java.util.HashMap.putVal(ILjava/lang/Object;Ljava/lang/Object;ZZ)Ljava/lang/Object; @ 81
Event: 88.744 Thread 0x00007fdbed98a000 Uncommon trap: reason=unstable_if action=reinterpret pc=0x00000001127d1d18 method=java.util.LinkedList$ListItr.<init>(Ljava/util/LinkedList;I)V @ 26
Event: 88.745 Thread 0x00007fdbed98a000 Uncommon trap: reason=unstable_if action=reinterpret pc=0x000000011277fb74 method=java.security.AccessControlContext.optimize()Ljava/security/AccessControlContext; @ 233

Classes redefined (0 events):
No events

Internal exceptions (10 events):
Event: 0.278 Thread 0x00007fdbef809000 Exception <a 'java/io/FileNotFoundException'> (0x000000076ae3d1c0) thrown at [/Users/java_re/workspace/8-2-build-macosx-x86_64/jdk8u202/12323/hotspot/src/share/vm/prims/jni.cpp, line 710]
Event: 0.278 Thread 0x00007fdbef809000 Exception <a 'java/io/FileNotFoundException'> (0x000000076ae3dd60) thrown at [/Users/java_re/workspace/8-2-build-macosx-x86_64/jdk8u202/12323/hotspot/src/share/vm/prims/jni.cpp, line 710]
Event: 0.296 Thread 0x00007fdbef809000 Exception <a 'java/io/FileNotFoundException'> (0x000000076ae83628) thrown at [/Users/java_re/workspace/8-2-build-macosx-x86_64/jdk8u202/12323/hotspot/src/share/vm/prims/jni.cpp, line 710]
Event: 0.368 Thread 0x00007fdbef809000 Exception <a 'java/io/FileNotFoundException'> (0x000000076aec1000) thrown at [/Users/java_re/workspace/8-2-build-macosx-x86_64/jdk8u202/12323/hotspot/src/share/vm/prims/jni.cpp, line 710]
Event: 1.240 Thread 0x00007fdbef39f800 Exception <a 'java/lang/UnsatisfiedLinkError': com.jogamp.common.util.JarUtil.fixNativeLibAttribs(Ljava/lang/String;)Z> (0x000000076c526380) thrown at [/Users/java_re/workspace/8-2-build-macosx-x86_64/jdk8u202/12323/hotspot/src/share/vm/prims/nativeLookup
Event: 3.315 Thread 0x00007fdbed98a000 Exception <a 'java/io/FileNotFoundException'> (0x000000076d70a5f0) thrown at [/Users/java_re/workspace/8-2-build-macosx-x86_64/jdk8u202/12323/hotspot/src/share/vm/prims/jni.cpp, line 710]
Event: 3.315 Thread 0x00007fdbed98a000 Exception <a 'java/io/FileNotFoundException'> (0x000000076d710840) thrown at [/Users/java_re/workspace/8-2-build-macosx-x86_64/jdk8u202/12323/hotspot/src/share/vm/prims/jni.cpp, line 710]
Event: 3.315 Thread 0x00007fdbed98a000 Implicit null exception at 0x00000001120717f4 to 0x0000000112071bed
Event: 3.518 Thread 0x00007fdbed98a000 Implicit null exception at 0x000000011224f1c6 to 0x000000011224f40d
Event: 3.548 Thread 0x00007fdbf0010000 Exception <a 'java/lang/NullPointerException'> (0x000000076afb4758) thrown at [/Users/java_re/workspace/8-2-build-macosx-x86_64/jdk8u202/12323/hotspot/src/share/vm/interpreter/linkResolver.cpp, line 1185]

Events (10 events):
Event: 88.745 Thread 0x00007fdbed98a000 DEOPT UNPACKING pc=0x0000000111ed673a sp=0x000070000b70d8a0 mode 2
Event: 88.745 loading class java/awt/LightweightDispatcher$2
Event: 88.745 loading class java/awt/LightweightDispatcher$2 done
Event: 88.745 loading class java/awt/event/AWTEventListenerProxy
Event: 88.745 loading class java/awt/event/AWTEventListenerProxy done
Event: 88.745 loading class java/awt/Toolkit$ToolkitEventMulticaster
Event: 88.745 loading class java/awt/Toolkit$ToolkitEventMulticaster done
Event: 88.745 Thread 0x00007fdbed962800 Thread exited: 0x00007fdbed962800
Event: 88.746 loading class java/awt/Window$1DisposeAction
Event: 88.746 loading class java/awt/Window$1DisposeAction done


Dynamic libraries:
0x00007ff82a42c000 	/System/Library/Frameworks/Cocoa.framework/Versions/A/Cocoa
0x00007ff816074000 	/System/Library/Frameworks/AppKit.framework/Versions/C/AppKit
0x00007ff819589000 	/System/Library/Frameworks/CoreData.framework/Versions/A/CoreData
0x00007ff814477000 	/System/Library/Frameworks/Foundation.framework/Versions/C/Foundation
0x00007ff81e3ab000 	/usr/lib/libSystem.B.dylib
0x00007ff816f04000 	/System/Library/PrivateFrameworks/UIFoundation.framework/Versions/A/UIFoundation
0x00007ff824322000 	/System/Library/PrivateFrameworks/RemoteViewServices.framework/Versions/A/RemoteViewServices
0x00007ff81c5ff000 	/System/Library/PrivateFrameworks/XCTTargetBootstrap.framework/Versions/A/XCTTargetBootstrap
0x00007ff8201b8000 	/System/Library/PrivateFrameworks/InternationalSupport.framework/Versions/A/InternationalSupport
0x00007ff820242000 	/System/Library/PrivateFrameworks/UserActivity.framework/Versions/A/UserActivity
0x00007ff81f594000 	/usr/lib/libspindump.dylib
0x00007ff817193000 	/System/Library/Frameworks/UniformTypeIdentifiers.framework/Versions/A/UniformTypeIdentifiers
0x00007ff81ad24000 	/usr/lib/libapp_launch_measurement.dylib
0x00007ff819f5b000 	/System/Library/PrivateFrameworks/CoreAnalytics.framework/Versions/A/CoreAnalytics
0x00007ff81ad27000 	/System/Library/PrivateFrameworks/CoreAutoLayout.framework/Versions/A/CoreAutoLayout
0x00007ff81bf57000 	/System/Library/Frameworks/Metal.framework/Versions/A/Metal
0x00007ff81cc85000 	/usr/lib/liblangid.dylib
0x00007ff81c604000 	/System/Library/PrivateFrameworks/CoreSVG.framework/Versions/A/CoreSVG
0x00007ff81857d000 	/System/Library/PrivateFrameworks/SkyLight.framework/Versions/A/SkyLight
0x00007ff81891c000 	/System/Library/Frameworks/CoreGraphics.framework/Versions/A/CoreGraphics
0x00007ff8249e2000 	/System/Library/Frameworks/Accelerate.framework/Versions/A/Accelerate
0x00007ff81f013000 	/System/Library/PrivateFrameworks/IconServices.framework/Versions/A/IconServices
0x00007ff81bf3c000 	/System/Library/Frameworks/IOSurface.framework/Versions/A/IOSurface
0x00007ff819f89000 	/usr/lib/libDiagnosticMessagesClient.dylib
0x00007ff81e2cb000 	/usr/lib/libz.1.dylib
0x00007ff8280d0000 	/System/Library/Frameworks/ApplicationServices.framework/Versions/A/ApplicationServices
0x00007ff81c5eb000 	/System/Library/PrivateFrameworks/DFRFoundation.framework/Versions/A/DFRFoundation
0x00007ff81595c000 	/usr/lib/libicucore.A.dylib
0x00007ff820fae000 	/System/Library/Frameworks/AudioToolbox.framework/Versions/A/AudioToolbox
0x00007ff8201c4000 	/System/Library/PrivateFrameworks/DataDetectorsCore.framework/Versions/A/DataDetectorsCore
0x00007ff91c6c5000 	/System/Library/PrivateFrameworks/TextInput.framework/Versions/A/TextInput
0x00007ff818500000 	/usr/lib/libMobileGestalt.dylib
0x00007ff81c2f7000 	/System/Library/Frameworks/Carbon.framework/Versions/A/Frameworks/HIToolbox.framework/Versions/A/HIToolbox
0x00007ff81a726000 	/System/Library/Frameworks/QuartzCore.framework/Versions/A/QuartzCore
0x00007ff815601000 	/System/Library/Frameworks/Security.framework/Versions/A/Security
0x00007ff82435a000 	/System/Library/Frameworks/Carbon.framework/Versions/A/Frameworks/SpeechRecognition.framework/Versions/A/SpeechRecognition
0x00007ff81aa84000 	/System/Library/PrivateFrameworks/CoreUI.framework/Versions/A/CoreUI
0x00007ff814ecb000 	/System/Library/Frameworks/CoreAudio.framework/Versions/A/CoreAudio
0x00007ff81a078000 	/System/Library/Frameworks/DiskArbitration.framework/Versions/A/DiskArbitration
0x00007ff81f984000 	/System/Library/PrivateFrameworks/MultitouchSupport.framework/Versions/A/MultitouchSupport
0x00007ff8184ff000 	/usr/lib/libenergytrace.dylib
0x00007ff815f60000 	/System/Library/Frameworks/IOKit.framework/Versions/A/IOKit
0x00007ff82474a000 	/System/Library/Frameworks/CoreServices.framework/Versions/A/CoreServices
0x00007ff81acbe000 	/System/Library/PrivateFrameworks/PerformanceAnalysis.framework/Versions/A/PerformanceAnalysis
0x00007ffa2c39d000 	/System/Library/Frameworks/OpenGL.framework/Versions/A/OpenGL
0x00007ff81d8e7000 	/System/Library/PrivateFrameworks/MobileKeyBag.framework/Versions/A/MobileKeyBag
0x00007ff813440000 	/usr/lib/libobjc.A.dylib
0x00007ff818fe8000 	/System/Library/Frameworks/ColorSync.framework/Versions/A/ColorSync
0x00007ff8135fa000 	/System/Library/Frameworks/CoreFoundation.framework/Versions/A/CoreFoundation
0x00007ff81c87b000 	/System/Library/Frameworks/CoreImage.framework/Versions/A/CoreImage
0x00007ff814cdf000 	/System/Library/Frameworks/CoreText.framework/Versions/A/CoreText
0x00007ff81c634000 	/System/Library/Frameworks/ImageIO.framework/Versions/A/ImageIO
0x00007ff81e3b1000 	/System/Library/PrivateFrameworks/SoftLinking.framework/Versions/A/SoftLinking
0x00007ff81ad6f000 	/usr/lib/libxml2.2.dylib
0x00007ff813506000 	/usr/lib/libc++.1.dylib
0x00007ff81e636000 	/usr/lib/libcompression.dylib
0x00007ff8200eb000 	/System/Library/PrivateFrameworks/TextureIO.framework/Versions/A/TextureIO
0x00007ff81ed24000 	/usr/lib/libate.dylib
0x00007ff81e3a6000 	/usr/lib/system/libcache.dylib
0x00007ff81e362000 	/usr/lib/system/libcommonCrypto.dylib
0x00007ff81e38b000 	/usr/lib/system/libcompiler_rt.dylib
0x00007ff81e381000 	/usr/lib/system/libcopyfile.dylib
0x00007ff81333b000 	/usr/lib/system/libcorecrypto.dylib
0x00007ff8133f9000 	/usr/lib/system/libdispatch.dylib
0x00007ff8135b9000 	/usr/lib/system/libdyld.dylib
0x00007ff81e39d000 	/usr/lib/system/libkeymgr.dylib
0x00007ff81e340000 	/usr/lib/system/libmacho.dylib
0x00007ff81d9c1000 	/usr/lib/system/libquarantine.dylib
0x00007ff81e39b000 	/usr/lib/system/libremovefile.dylib
0x00007ff81854d000 	/usr/lib/system/libsystem_asl.dylib
0x00007ff8132e4000 	/usr/lib/system/libsystem_blocks.dylib
0x00007ff81347d000 	/usr/lib/system/libsystem_c.dylib
0x00007ff81e393000 	/usr/lib/system/libsystem_collections.dylib
0x00007ff81cc75000 	/usr/lib/system/libsystem_configuration.dylib
0x00007ff81bf1f000 	/usr/lib/system/libsystem_containermanager.dylib
0x00007ff81e078000 	/usr/lib/system/libsystem_coreservices.dylib
0x00007ff815bf0000 	/usr/lib/system/libsystem_darwin.dylib
0x00007ff81e39e000 	/usr/lib/system/libsystem_dnssd.dylib
0x00007ff81347a000 	/usr/lib/system/libsystem_featureflags.dylib
0x00007ff8135cf000 	/usr/lib/system/libsystem_info.dylib
0x00007ff81e2de000 	/usr/lib/system/libsystem_m.dylib
0x00007ff8133cd000 	/usr/lib/system/libsystem_malloc.dylib
0x00007ff8184e8000 	/usr/lib/system/libsystem_networkextension.dylib
0x00007ff816016000 	/usr/lib/system/libsystem_notify.dylib
0x00007ff82461f000 	/usr/lib/system/libsystem_product_info_filter.dylib
0x00007ff81cc79000 	/usr/lib/system/libsystem_sandbox.dylib
0x00007ff81e398000 	/usr/lib/system/libsystem_secinit.dylib
0x00007ff813575000 	/usr/lib/system/libsystem_kernel.dylib
0x00007ff8135c5000 	/usr/lib/system/libsystem_platform.dylib
0x00007ff8135ad000 	/usr/lib/system/libsystem_pthread.dylib
0x00007ff819d9b000 	/usr/lib/system/libsystem_symptoms.dylib
0x00007ff813322000 	/usr/lib/system/libsystem_trace.dylib
0x00007ff81e36e000 	/usr/lib/system/libunwind.dylib
0x00007ff8132e6000 	/usr/lib/system/libxpc.dylib
0x00007ff81355f000 	/usr/lib/libc++abi.dylib
0x00007ff81e379000 	/usr/lib/liboah.dylib
0x00007ff81eb00000 	/usr/lib/liblzma.5.dylib
0x00007ff814189000 	/System/Library/Frameworks/SystemConfiguration.framework/Versions/A/SystemConfiguration
0x00007ff81e3ad000 	/usr/lib/libfakelink.dylib
0x00007ff81805a000 	/System/Library/Frameworks/CFNetwork.framework/Versions/A/CFNetwork
0x00007ff81e4ee000 	/usr/lib/libarchive.2.dylib
0x00007ff81cc81000 	/System/Library/PrivateFrameworks/AppleSystemInfo.framework/Versions/A/AppleSystemInfo
0x00007ff81d9e8000 	/usr/lib/libbsm.0.dylib
0x00007ff817669000 	/usr/lib/libnetwork.dylib
0x00007ff81e346000 	/usr/lib/system/libkxld.dylib
0x00007ff81d61b000 	/System/Library/PrivateFrameworks/IOMobileFramebuffer.framework/Versions/A/IOMobileFramebuffer
0x00007ffb2bd7b000 	/usr/lib/libCoreEntitlements.dylib
0x00007ff81e05a000 	/System/Library/PrivateFrameworks/AppleFSCompression.framework/Versions/A/AppleFSCompression
0x00007ff81d9d0000 	/usr/lib/libcoretls.dylib
0x00007ff81eb1a000 	/usr/lib/libcoretls_cfhelpers.dylib
0x00007ff81e630000 	/usr/lib/libpam.2.dylib
0x00007ff8199ba000 	/usr/lib/libsqlite3.dylib
0x00007ff81eb89000 	/usr/lib/libxar.1.dylib
0x00007ff81e06a000 	/usr/lib/libbz2.1.0.dylib
0x00007ff81e3b2000 	/usr/lib/libpcap.A.dylib
0x00007ff819d93000 	/usr/lib/libdns_services.dylib
0x00007ff81e600000 	/usr/lib/libapple_nghttp2.dylib
0x00007ff81e3ec000 	/usr/lib/libiconv.2.dylib
0x00007ff81e33f000 	/usr/lib/libcharset.1.dylib
0x00007ff81acf2000 	/System/Library/Frameworks/CoreServices.framework/Versions/A/Frameworks/FSEvents.framework/Versions/A/FSEvents
0x00007ff815bfa000 	/System/Library/Frameworks/CoreServices.framework/Versions/A/Frameworks/CarbonCore.framework/Versions/A/CarbonCore
0x00007ff819fdc000 	/System/Library/Frameworks/CoreServices.framework/Versions/A/Frameworks/Metadata.framework/Versions/A/Metadata
0x00007ff81e07d000 	/System/Library/Frameworks/CoreServices.framework/Versions/A/Frameworks/OSServices.framework/Versions/A/OSServices
0x00007ff81e575000 	/System/Library/Frameworks/CoreServices.framework/Versions/A/Frameworks/SearchKit.framework/Versions/A/SearchKit
0x00007ff819d25000 	/System/Library/Frameworks/CoreServices.framework/Versions/A/Frameworks/AE.framework/Versions/A/AE
0x00007ff813afd000 	/System/Library/Frameworks/CoreServices.framework/Versions/A/Frameworks/LaunchServices.framework/Versions/A/LaunchServices
0x00007ff81eab1000 	/System/Library/Frameworks/CoreServices.framework/Versions/A/Frameworks/DictionaryServices.framework/Versions/A/DictionaryServices
0x00007ff81acff000 	/System/Library/Frameworks/CoreServices.framework/Versions/A/Frameworks/SharedFileList.framework/Versions/A/SharedFileList
0x00007ff81d9c4000 	/usr/lib/libCheckFix.dylib
0x00007ff818564000 	/System/Library/PrivateFrameworks/TCC.framework/Versions/A/TCC
0x00007ff81cc87000 	/System/Library/PrivateFrameworks/CoreNLP.framework/Versions/A/CoreNLP
0x00007ff819f8c000 	/System/Library/PrivateFrameworks/MetadataUtilities.framework/Versions/A/MetadataUtilities
0x00007ff81423a000 	/usr/lib/libmecabra.dylib
0x00007ff81d9f8000 	/usr/lib/libmecab.dylib
0x00007ff814205000 	/usr/lib/libCRFSuite.dylib
0x00007ff81da52000 	/usr/lib/libgermantok.dylib
0x00007ff81e5db000 	/usr/lib/libThaiTokenizer.dylib
0x00007ff81a07f000 	/System/Library/Frameworks/Accelerate.framework/Versions/A/Frameworks/vImage.framework/Versions/A/vImage
0x00007ff824721000 	/System/Library/Frameworks/Accelerate.framework/Versions/A/Frameworks/vecLib.framework/Versions/A/vecLib
0x00007ff81ebca000 	/System/Library/Frameworks/Accelerate.framework/Versions/A/Frameworks/vecLib.framework/Versions/A/libvMisc.dylib
0x00007ff81d446000 	/System/Library/Frameworks/Accelerate.framework/Versions/A/Frameworks/vecLib.framework/Versions/A/libvDSP.dylib
0x00007ff813e79000 	/System/Library/Frameworks/Accelerate.framework/Versions/A/Frameworks/vecLib.framework/Versions/A/libBLAS.dylib
0x00007ff81e713000 	/System/Library/Frameworks/Accelerate.framework/Versions/A/Frameworks/vecLib.framework/Versions/A/libLAPACK.dylib
0x00007ff81da55000 	/System/Library/Frameworks/Accelerate.framework/Versions/A/Frameworks/vecLib.framework/Versions/A/libLinearAlgebra.dylib
0x00007ff81e618000 	/System/Library/Frameworks/Accelerate.framework/Versions/A/Frameworks/vecLib.framework/Versions/A/libSparseBLAS.dylib
0x00007ff81e70d000 	/System/Library/Frameworks/Accelerate.framework/Versions/A/Frameworks/vecLib.framework/Versions/A/libQuadrature.dylib
0x00007ff81cd72000 	/System/Library/Frameworks/Accelerate.framework/Versions/A/Frameworks/vecLib.framework/Versions/A/libBNNS.dylib
0x00007ff814113000 	/System/Library/Frameworks/Accelerate.framework/Versions/A/Frameworks/vecLib.framework/Versions/A/libSparse.dylib
0x00007ff81cd6b000 	/System/Library/PrivateFrameworks/LinguisticData.framework/Versions/A/LinguisticData
0x00007ff8140c9000 	/System/Library/PrivateFrameworks/Lexicon.framework/Versions/A/Lexicon
0x00007ff81ebc3000 	/usr/lib/libChineseTokenizer.dylib
0x00007ff814834000 	/System/Library/PrivateFrameworks/LanguageModeling.framework/Versions/A/LanguageModeling
0x00007ff81e5dd000 	/System/Library/PrivateFrameworks/AppleSauce.framework/Versions/A/AppleSauce
0x00007ff81d609000 	/System/Library/PrivateFrameworks/CoreEmoji.framework/Versions/A/CoreEmoji
0x00007ff81e4dd000 	/usr/lib/libcmph.dylib
0x00007ff81acd6000 	/System/Library/Frameworks/OpenDirectory.framework/Versions/A/Frameworks/CFOpenDirectory.framework/Versions/A/CFOpenDirectory
0x00007ff81acca000 	/System/Library/Frameworks/OpenDirectory.framework/Versions/A/OpenDirectory
0x00007ff81eb1c000 	/System/Library/PrivateFrameworks/APFS.framework/Versions/A/APFS
0x00007ff81d91f000 	/System/Library/Frameworks/SecurityFoundation.framework/Versions/A/SecurityFoundation
0x00007ff81eb97000 	/usr/lib/libutil.dylib
0x00007ff815f24000 	/System/Library/PrivateFrameworks/CoreServicesStore.framework/Versions/A/CoreServicesStore
0x00007ff81eb9b000 	/usr/lib/libxslt.1.dylib
0x00007ff81d9ac000 	/System/Library/PrivateFrameworks/BackgroundTaskManagement.framework/Versions/A/BackgroundTaskManagement
0x00007ff82000b000 	/System/Library/Frameworks/ImageIO.framework/Versions/A/Resources/libRadiance.dylib
0x00007ff820014000 	/System/Library/Frameworks/ImageIO.framework/Versions/A/Resources/libJPEG.dylib
0x00007ff81ff63000 	/System/Library/Frameworks/ImageIO.framework/Versions/A/Resources/libPng.dylib
0x00007ff81ff84000 	/System/Library/Frameworks/ImageIO.framework/Versions/A/Resources/libTIFF.dylib
0x00007ff820074000 	/System/Library/Frameworks/ImageIO.framework/Versions/A/Resources/libGIF.dylib
0x00007ff81f89e000 	/System/Library/Frameworks/ImageIO.framework/Versions/A/Resources/libJP2.dylib
0x00007ff81efd9000 	/usr/lib/libexpat.1.dylib
0x00007ff81f853000 	/System/Library/PrivateFrameworks/AppleJPEG.framework/Versions/A/AppleJPEG
0x00007ff81c1bc000 	/System/Library/PrivateFrameworks/FontServices.framework/libFontParser.dylib
0x00007ff819ccf000 	/System/Library/PrivateFrameworks/RunningBoardServices.framework/Versions/A/RunningBoardServices
0x00007ff82a9e7000 	/System/Library/PrivateFrameworks/IOSurfaceAccelerator.framework/Versions/A/IOSurfaceAccelerator
0x00007ff81f980000 	/System/Library/PrivateFrameworks/WatchdogClient.framework/Versions/A/WatchdogClient
0x00007ff814922000 	/System/Library/Frameworks/CoreDisplay.framework/Versions/A/CoreDisplay
0x00007ff81c0ba000 	/System/Library/Frameworks/CoreMedia.framework/Versions/A/CoreMedia
0x00007ff81bf4e000 	/System/Library/PrivateFrameworks/IOAccelerator.framework/Versions/A/IOAccelerator
0x00007ff81ae53000 	/System/Library/Frameworks/CoreVideo.framework/Versions/A/CoreVideo
0x00007ff81e62e000 	/System/Library/Frameworks/MetalPerformanceShaders.framework/Versions/A/MetalPerformanceShaders
0x00007ff81f9bd000 	/System/Library/Frameworks/VideoToolbox.framework/Versions/A/VideoToolbox
0x00007ff819c19000 	/System/Library/PrivateFrameworks/BaseBoard.framework/Versions/A/BaseBoard
0x00007ff8199a0000 	/System/Library/PrivateFrameworks/ProtocolBuffer.framework/Versions/A/ProtocolBuffer
0x00007ff820004000 	/System/Library/PrivateFrameworks/GPUWrangler.framework/Versions/A/GPUWrangler
0x00007ff81ffe8000 	/System/Library/PrivateFrameworks/IOPresentment.framework/Versions/A/IOPresentment
0x00007ff82000e000 	/System/Library/PrivateFrameworks/DSExternalDisplay.framework/Versions/A/DSExternalDisplay
0x00007ffa2c391000 	/System/Library/Frameworks/OpenGL.framework/Versions/A/Libraries/libCoreFSCache.dylib
0x00007ffb1946a000 	/System/Library/PrivateFrameworks/GPUCompiler.framework/Versions/31001/Libraries/libGPUCompilerUtils.dylib
0x00007ff820079000 	/System/Library/PrivateFrameworks/CMCaptureCore.framework/Versions/A/CMCaptureCore
0x00007ff81f582000 	/System/Library/PrivateFrameworks/AppServerSupport.framework/Versions/A/AppServerSupport
0x00007ff821847000 	/System/Library/PrivateFrameworks/perfdata.framework/Versions/A/perfdata
0x00007ff814a4e000 	/System/Library/PrivateFrameworks/AudioToolboxCore.framework/Versions/A/AudioToolboxCore
0x00007ff81c098000 	/System/Library/PrivateFrameworks/caulk.framework/Versions/A/caulk
0x00007ff821159000 	/usr/lib/libAudioStatistics.dylib
0x00007ff918e4f000 	/System/Library/PrivateFrameworks/SystemPolicy.framework/Versions/A/SystemPolicy
0x00007ff8213b4000 	/usr/lib/libSMC.dylib
0x00007ff82a2df000 	/System/Library/Frameworks/CoreMIDI.framework/Versions/A/CoreMIDI
0x00007ff81ff32000 	/usr/lib/libAudioToolboxUtility.dylib
0x00007ff915077000 	/System/Library/PrivateFrameworks/OSAServicesClient.framework/Versions/A/OSAServicesClient
0x00007ff821854000 	/usr/lib/libperfcheck.dylib
0x00007ff919900000 	/usr/lib/libmis.dylib
0x00007ffa2c3ec000 	/System/Library/Frameworks/OpenGL.framework/Versions/A/Libraries/libGLU.dylib
0x00007ffa2c3b0000 	/System/Library/Frameworks/OpenGL.framework/Versions/A/Libraries/libGFXShared.dylib
0x00007ffa2c5b9000 	/System/Library/Frameworks/OpenGL.framework/Versions/A/Libraries/libGL.dylib
0x00007ffa2c3b9000 	/System/Library/Frameworks/OpenGL.framework/Versions/A/Libraries/libGLImage.dylib
0x00007ffa2c3ad000 	/System/Library/Frameworks/OpenGL.framework/Versions/A/Libraries/libCVMSPluginSupport.dylib
0x00007ffa2c398000 	/System/Library/Frameworks/OpenGL.framework/Versions/A/Libraries/libCoreVMClient.dylib
0x00007ff81cc03000 	/System/Library/Frameworks/MetalPerformanceShaders.framework/Versions/A/Frameworks/MPSCore.framework/Versions/A/MPSCore
0x00007ff81dfc5000 	/System/Library/Frameworks/MetalPerformanceShaders.framework/Versions/A/Frameworks/MPSImage.framework/Versions/A/MPSImage
0x00007ff81da6b000 	/System/Library/Frameworks/MetalPerformanceShaders.framework/Versions/A/Frameworks/MPSNeuralNetwork.framework/Versions/A/MPSNeuralNetwork
0x00007ff81dedf000 	/System/Library/Frameworks/MetalPerformanceShaders.framework/Versions/A/Frameworks/MPSMatrix.framework/Versions/A/MPSMatrix
0x00007ff81dc9a000 	/System/Library/Frameworks/MetalPerformanceShaders.framework/Versions/A/Frameworks/MPSRayIntersector.framework/Versions/A/MPSRayIntersector
0x00007ff81df17000 	/System/Library/Frameworks/MetalPerformanceShaders.framework/Versions/A/Frameworks/MPSNDArray.framework/Versions/A/MPSNDArray
0x00007ffa31e71000 	/System/Library/Frameworks/MetalPerformanceShaders.framework/Versions/A/Frameworks/MPSFunctions.framework/Versions/A/MPSFunctions
0x00007ff813d55000 	/System/Library/PrivateFrameworks/MetalTools.framework/Versions/A/MetalTools
0x00007ff81cc7f000 	/System/Library/PrivateFrameworks/AggregateDictionary.framework/Versions/A/AggregateDictionary
0x00007ff81edbb000 	/usr/lib/libIOReport.dylib
0x00007ffa2d9c8000 	/System/Library/Frameworks/OpenCL.framework/Versions/A/OpenCL
0x00007ff81f120000 	/System/Library/PrivateFrameworks/FaceCore.framework/Versions/A/FaceCore
0x00007ff81f111000 	/System/Library/PrivateFrameworks/GraphVisualizer.framework/Versions/A/GraphVisualizer
0x00007ffb19375000 	/System/Library/PrivateFrameworks/FontServices.framework/Versions/A/FontServices
0x00007ff81f53a000 	/System/Library/PrivateFrameworks/OTSVG.framework/Versions/A/OTSVG
0x00007ff81aa39000 	/System/Library/Frameworks/ApplicationServices.framework/Versions/A/Frameworks/ATS.framework/Versions/A/Resources/libFontRegistry.dylib
0x00007ff81f58a000 	/System/Library/PrivateFrameworks/FontServices.framework/libhvf.dylib
0x00007ffb19376000 	/System/Library/PrivateFrameworks/FontServices.framework/libXTFontStaticRegistryData.dylib
0x00007ff81ef89000 	/System/Library/PrivateFrameworks/AppleVA.framework/Versions/A/AppleVA
0x00007ff821179000 	/System/Library/Frameworks/ApplicationServices.framework/Versions/A/Frameworks/ATS.framework/Versions/A/ATS
0x00007ff8190e6000 	/System/Library/Frameworks/ApplicationServices.framework/Versions/A/Frameworks/HIServices.framework/Versions/A/HIServices
0x00007ff820083000 	/System/Library/Frameworks/ApplicationServices.framework/Versions/A/Frameworks/PrintCore.framework/Versions/A/PrintCore
0x00007ff821507000 	/System/Library/Frameworks/ApplicationServices.framework/Versions/A/Frameworks/QD.framework/Versions/A/QD
0x00007ff8214ff000 	/System/Library/Frameworks/ApplicationServices.framework/Versions/A/Frameworks/ColorSyncLegacy.framework/Versions/A/ColorSyncLegacy
0x00007ff821169000 	/System/Library/Frameworks/ApplicationServices.framework/Versions/A/Frameworks/SpeechSynthesis.framework/Versions/A/SpeechSynthesis
0x00007ff820044000 	/System/Library/Frameworks/ApplicationServices.framework/Versions/A/Frameworks/ATSUI.framework/Versions/A/ATSUI
0x00007ff821494000 	/usr/lib/libcups.2.dylib
0x00007ff821863000 	/System/Library/Frameworks/Kerberos.framework/Versions/A/Kerberos
0x00007ff821872000 	/System/Library/Frameworks/GSS.framework/Versions/A/GSS
0x00007ff8211e5000 	/usr/lib/libresolv.9.dylib
0x00007ff81f599000 	/System/Library/PrivateFrameworks/Heimdal.framework/Versions/A/Heimdal
0x00007ff828462000 	/System/Library/Frameworks/Kerberos.framework/Versions/A/Libraries/libHeimdalProxy.dylib
0x00007ff819da3000 	/System/Library/Frameworks/Network.framework/Versions/A/Network
0x00007ff81eff4000 	/usr/lib/libheimdal-asn1.dylib
0x00007ff8218bd000 	/System/Library/PrivateFrameworks/CommonAuth.framework/Versions/A/CommonAuth
0x00007ff8210eb000 	/System/Library/PrivateFrameworks/AudioSession.framework/Versions/A/AudioSession
0x00007ff81f084000 	/System/Library/PrivateFrameworks/MediaExperience.framework/Versions/A/MediaExperience
0x00007ff820f7d000 	/System/Library/PrivateFrameworks/AudioSession.framework/libSessionUtility.dylib
0x00007ff821513000 	/System/Library/PrivateFrameworks/AudioResourceArbitration.framework/Versions/A/AudioResourceArbitration
0x00007ff825594000 	/System/Library/PrivateFrameworks/PowerLog.framework/Versions/A/PowerLog
0x00007ff81effd000 	/System/Library/PrivateFrameworks/IconFoundation.framework/Versions/A/IconFoundation
0x00007ff82434a000 	/System/Library/PrivateFrameworks/SpeechRecognitionCore.framework/Versions/A/SpeechRecognitionCore
0x00000001078c0000 	/Library/Java/JavaVirtualMachines/jdk1.8.0_202.jdk/Contents/Home/jre/lib/server/libjvm.dylib
0x00007ffb2c807000 	/usr/lib/libstdc++.6.dylib
0x000000010694a000 	/Library/Java/JavaVirtualMachines/jdk1.8.0_202.jdk/Contents/Home/jre/lib/libverify.dylib
0x000000010698e000 	/Library/Java/JavaVirtualMachines/jdk1.8.0_202.jdk/Contents/Home/jre/lib/libjava.dylib
0x0000000106961000 	/Library/Java/JavaVirtualMachines/jdk1.8.0_202.jdk/Contents/Home/jre/lib/libzip.dylib
0x0000000122b8f000 	/Library/Java/JavaVirtualMachines/jdk1.8.0_202.jdk/Contents/Home/jre/lib/libawt.dylib
0x0000000122d04000 	/Library/Java/JavaVirtualMachines/jdk1.8.0_202.jdk/Contents/Home/jre/lib/libmlib_image.dylib
0x00007ffa31dce000 	/System/Library/Frameworks/JavaNativeFoundation.framework/Versions/A/JavaNativeFoundation
0x00007ffa31dda000 	/System/Library/Frameworks/JavaRuntimeSupport.framework/Versions/A/JavaRuntimeSupport
0x00007ff918973000 	/System/Library/Frameworks/Carbon.framework/Versions/A/Carbon
0x00007ff82680f000 	/System/Library/PrivateFrameworks/CoreSymbolication.framework/Versions/A/CoreSymbolication
0x00007ff82bd7e000 	/System/Library/Frameworks/Carbon.framework/Versions/A/Frameworks/CommonPanels.framework/Versions/A/CommonPanels
0x00007ff827e44000 	/System/Library/Frameworks/Carbon.framework/Versions/A/Frameworks/Help.framework/Versions/A/Help
0x00007ff82bd82000 	/System/Library/Frameworks/Carbon.framework/Versions/A/Frameworks/ImageCapture.framework/Versions/A/ImageCapture
0x00007ff82bd52000 	/System/Library/Frameworks/Carbon.framework/Versions/A/Frameworks/OpenScripting.framework/Versions/A/OpenScripting
0x00007ff82bd7a000 	/System/Library/Frameworks/Carbon.framework/Versions/A/Frameworks/Ink.framework/Versions/A/Ink
0x00007ff91896f000 	/System/Library/Frameworks/Carbon.framework/Versions/A/Frameworks/Print.framework/Versions/A/Print
0x00007ff82bd76000 	/System/Library/Frameworks/Carbon.framework/Versions/A/Frameworks/SecurityHI.framework/Versions/A/SecurityHI
0x00007ff8267d4000 	/System/Library/PrivateFrameworks/DebugSymbols.framework/Versions/A/DebugSymbols
0x0000000122dd0000 	/Library/Java/JavaVirtualMachines/jdk1.8.0_202.jdk/Contents/Home/jre/lib/libawt_lwawt.dylib
0x0000000107845000 	/Library/Java/JavaVirtualMachines/jdk1.8.0_202.jdk/Contents/Home/jre/lib/libosxapp.dylib
0x00007ff917c3d000 	/System/Library/Frameworks/ExceptionHandling.framework/Versions/A/ExceptionHandling
0x00007ff815ee6000 	/System/Library/PrivateFrameworks/CoreServicesInternal.framework/Versions/A/CoreServicesInternal
0x00007ff825b85000 	/System/Library/Frameworks/FileProvider.framework/Versions/A/FileProvider
0x00007ff819b86000 	/System/Library/Frameworks/Accounts.framework/Versions/A/Accounts
0x00007ff825cfe000 	/System/Library/PrivateFrameworks/GenerationalStorage.framework/Versions/A/GenerationalStorage
0x00007ff825589000 	/System/Library/PrivateFrameworks/SymptomDiagnosticReporter.framework/Versions/A/SymptomDiagnosticReporter
0x00007ff8171a7000 	/System/Library/PrivateFrameworks/DesktopServicesPriv.framework/Versions/A/DesktopServicesPriv
0x00007ff816025000 	/usr/lib/libsandbox.1.dylib
0x00007ff81aed2000 	/System/Library/PrivateFrameworks/UserManagement.framework/Versions/A/UserManagement
0x00007ff8214f4000 	/System/Library/PrivateFrameworks/NetAuth.framework/Versions/A/NetAuth
0x00007ff822403000 	/System/Library/PrivateFrameworks/Sharing.framework/Versions/A/Sharing
0x00007ff81aea5000 	/System/Library/PrivateFrameworks/login.framework/Versions/A/Frameworks/loginsupport.framework/Versions/A/loginsupport
0x00007ff827972000 	/System/Library/PrivateFrameworks/Apple80211.framework/Versions/A/Apple80211
0x00007ff81e0aa000 	/System/Library/PrivateFrameworks/AuthKit.framework/Versions/A/AuthKit
0x00007ff81d6ff000 	/System/Library/PrivateFrameworks/CoreUtils.framework/Versions/A/CoreUtils
0x00007ff81d626000 	/System/Library/Frameworks/CoreWLAN.framework/Versions/A/CoreWLAN
0x00007ff822562000 	/System/Library/Frameworks/IOBluetooth.framework/Versions/A/IOBluetooth
0x00007ff8279da000 	/System/Library/PrivateFrameworks/CoreWiFi.framework/Versions/A/CoreWiFi
0x00007ff8263a8000 	/System/Library/PrivateFrameworks/FrontBoardServices.framework/Versions/A/FrontBoardServices
0x00007ff826439000 	/System/Library/PrivateFrameworks/BoardServices.framework/Versions/A/BoardServices
0x00007ff81d90e000 	/System/Library/PrivateFrameworks/AssertionServices.framework/Versions/A/AssertionServices
0x00007ff827b5d000 	/System/Library/PrivateFrameworks/BackBoardServices.framework/Versions/A/BackBoardServices
0x00007ff82194e000 	/System/Library/PrivateFrameworks/CorePhoneNumbers.framework/Versions/A/CorePhoneNumbers
0x00007ff821212000 	/System/Library/PrivateFrameworks/MultiverseSupport.framework/Versions/A/MultiverseSupport
0x00007ff827dd1000 	/System/Library/PrivateFrameworks/RemoteServiceDiscovery.framework/Versions/A/RemoteServiceDiscovery
0x00007ff8256a6000 	/System/Library/PrivateFrameworks/DiskManagement.framework/Versions/A/DiskManagement
0x00007ff8255ba000 	/System/Library/PrivateFrameworks/AppleIDAuthSupport.framework/Versions/A/AppleIDAuthSupport
0x00007ffb13cf0000 	/System/Library/PrivateFrameworks/AAAFoundation.framework/Versions/A/AAAFoundation
0x00007ff82192f000 	/System/Library/PrivateFrameworks/KeychainCircle.framework/Versions/A/KeychainCircle
0x00007ff827de1000 	/System/Library/PrivateFrameworks/RemoteXPC.framework/Versions/A/RemoteXPC
0x00007ff825672000 	/System/Library/PrivateFrameworks/MediaKit.framework/Versions/A/MediaKit
0x00007ff8255c6000 	/System/Library/Frameworks/DiscRecording.framework/Versions/A/DiscRecording
0x00007ff81ef01000 	/usr/lib/libCoreStorage.dylib
0x00007ff827e4c000 	/usr/lib/libcsfde.dylib
0x00007ff82262f000 	/System/Library/PrivateFrameworks/ProtectedCloudStorage.framework/Versions/A/ProtectedCloudStorage
0x00007ff827e48000 	/System/Library/PrivateFrameworks/EFILogin.framework/Versions/A/EFILogin
0x00007ff825d24000 	/System/Library/PrivateFrameworks/OctagonTrust.framework/Versions/A/OctagonTrust
0x00007ffb185d8000 	/System/Library/PrivateFrameworks/CoreUtilsExtras.framework/Versions/A/CoreUtilsExtras
0x00007ff8254ed000 	/System/Library/Frameworks/CoreBluetooth.framework/Versions/A/CoreBluetooth
0x00007ff8284e7000 	/System/Library/Frameworks/AudioUnit.framework/Versions/A/AudioUnit
0x00007ff81eef9000 	/usr/lib/libMatch.1.dylib
0x00007ff9206fb000 	/System/Library/CoreServices/RawCamera.bundle/Contents/MacOS/RawCamera
0x00007ff8218cd000 	/System/Library/PrivateFrameworks/MobileAsset.framework/Versions/A/MobileAsset
0x00007ff82850e000 	/System/Library/PrivateFrameworks/StreamingZip.framework/Versions/A/StreamingZip
0x00007ffb158cc000 	/System/Library/PrivateFrameworks/CMPhoto.framework/Versions/A/CMPhoto
0x00007ff8266aa000 	/System/Library/PrivateFrameworks/AppleVPA.framework/Versions/A/AppleVPA
0x00007ff8202ad000 	/System/Library/Frameworks/MediaToolbox.framework/Versions/A/MediaToolbox
0x00007ff825b55000 	/System/Library/PrivateFrameworks/CoreAVCHD.framework/Versions/A/CoreAVCHD
0x00007ff824a2a000 	/System/Library/Frameworks/MediaAccessibility.framework/Versions/A/MediaAccessibility
0x00007ff825b51000 	/System/Library/PrivateFrameworks/Mangrove.framework/Versions/A/Mangrove
0x00007ff824a35000 	/System/Library/PrivateFrameworks/AlgosScoreFramework.framework/Versions/A/AlgosScoreFramework
0x00007ff825796000 	/System/Library/PrivateFrameworks/CoreAUC.framework/Versions/A/CoreAUC
0x00007ff91df24000 	/System/Library/Frameworks/Accelerate.framework/Versions/A/Frameworks/vImage.framework/Versions/A/Libraries/libCGInterfaces.dylib
0x0000000124d42000 	/usr/lib/libobjc-trampolines.dylib
0x00007ff82a9ef000 	/System/Library/PrivateFrameworks/FamilyControls.framework/Versions/A/FamilyControls
0x00007ff82aa13000 	/System/Library/PrivateFrameworks/CommerceKit.framework/Versions/A/Frameworks/CommerceCore.framework/Versions/A/CommerceCore
0x00007ff824a66000 	/System/Library/PrivateFrameworks/SystemAdministration.framework/Versions/A/SystemAdministration
0x00007ff822616000 	/System/Library/PrivateFrameworks/AppContainer.framework/Versions/A/AppContainer
0x00007ff82262b000 	/System/Library/PrivateFrameworks/SecCodeWrapper.framework/Versions/A/SecCodeWrapper
0x00007ff81edc4000 	/System/Library/PrivateFrameworks/CrashReporterSupport.framework/Versions/A/CrashReporterSupport
0x00007ff925941000 	/System/Library/PrivateFrameworks/OSAnalytics.framework/Versions/A/OSAnalytics
0x00007ff930aff000 	/System/Library/PrivateFrameworks/Symbolication.framework/Versions/A/Symbolication
0x00007ff9198d9000 	/System/Library/PrivateFrameworks/MallocStackLogging.framework/Versions/A/MallocStackLogging
0x00007ff81f651000 	/System/Library/PrivateFrameworks/login.framework/Versions/A/login
0x00007ff824316000 	/System/Library/Frameworks/DirectoryService.framework/Versions/A/DirectoryService
0x00007ff827ce9000 	/System/Library/PrivateFrameworks/DiskImages.framework/Versions/A/DiskImages
0x00007ff81d9b6000 	/System/Library/Frameworks/ServiceManagement.framework/Versions/A/ServiceManagement
0x00007ff827ed0000 	/System/Library/PrivateFrameworks/LoginUIKit.framework/Versions/A/Frameworks/LoginUICore.framework/Versions/A/LoginUICore
0x00007ff81f7fa000 	/usr/lib/libodfde.dylib
0x00007ff827e58000 	/usr/lib/libcurl.4.dylib
0x00007ffb2c2d6000 	/usr/lib/libcrypto.46.dylib
0x00007ffb2c7cb000 	/usr/lib/libssl.48.dylib
0x00007ff827b7b000 	/System/Library/Frameworks/LDAP.framework/Versions/A/LDAP
0x00007ff827bb3000 	/System/Library/PrivateFrameworks/TrustEvaluationAgent.framework/Versions/A/TrustEvaluationAgent
0x00007ff8211fe000 	/usr/lib/libsasl2.2.dylib
0x00007ff824a5a000 	/System/Library/PrivateFrameworks/CoreDaemon.framework/Versions/B/CoreDaemon
0x00007ff824a55000 	/System/Library/PrivateFrameworks/AppleSRP.framework/Versions/A/AppleSRP
0x00007ff81abca000 	/System/Library/PrivateFrameworks/ViewBridge.framework/Versions/A/ViewBridge
0x00007ffa2c5c4000 	/System/Library/Frameworks/OpenGL.framework/Versions/A/Resources/GLEngine.bundle/GLEngine
0x00007ffa2c42a000 	/System/Library/Frameworks/OpenGL.framework/Versions/A/Libraries/libGLProgrammability.dylib
0x00007ffa21443000 	/System/Library/Extensions/AppleIntelKBLGraphicsGLDriver.bundle/Contents/MacOS/AppleIntelKBLGraphicsGLDriver
0x00007ff923a9b000 	/System/Library/PrivateFrameworks/GPUSupport.framework/Versions/A/Libraries/libGPUSupportMercury.dylib
0x0000000126480000 	/System/Library/Extensions/AMDRadeonX4000GLDriver.bundle/Contents/MacOS/AMDRadeonX4000GLDriver
0x00007ffa2ff44000 	/System/Library/Extensions/AMDRadeonX4000GLDriver.bundle/Contents/MacOS/ATIRadeonX4000SCLib.dylib
0x00007ffa1fb07000 	/System/Library/Extensions/AMDShared.bundle/Contents/PlugIns/libSC.dylib
0x00007ffa2c74e000 	/System/Library/Frameworks/OpenGL.framework/Versions/A/Resources/GLRendererFloat.bundle/GLRendererFloat
0x00000001263b9000 	/Library/Java/JavaVirtualMachines/jdk1.8.0_202.jdk/Contents/Home/jre/lib/libfontmanager.dylib
0x0000000126943000 	/Library/Java/JavaVirtualMachines/jdk1.8.0_202.jdk/Contents/Home/jre/lib/libosxui.dylib
0x0000000126c30000 	/Library/Java/JavaVirtualMachines/jdk1.8.0_202.jdk/Contents/Home/jre/lib/libnet.dylib
0x0000000126c19000 	/Library/Java/JavaVirtualMachines/jdk1.8.0_202.jdk/Contents/Home/jre/lib/libnio.dylib
0x000000015649d000 	/private/var/folders/hd/3mq_tls94rnf7268pdrr1_h80000gn/T/jogamp_0000/file_cache/jln1631277707339981295/jln5577595786501103790/libgluegen-rt.jnilib
0x00000001564a1000 	/private/var/folders/hd/3mq_tls94rnf7268pdrr1_h80000gn/T/jogamp_0000/file_cache/jln1631277707339981295/jln5577595786501103790/libnativewindow_awt.jnilib
0x0000000156499000 	/Library/Java/JavaVirtualMachines/jdk1.8.0_202.jdk/Contents/Home/jre/lib/libjawt.dylib
0x00000001564ba000 	/private/var/folders/hd/3mq_tls94rnf7268pdrr1_h80000gn/T/jogamp_0000/file_cache/jln1631277707339981295/jln5577595786501103790/libnativewindow_macosx.jnilib
0x000000015935e000 	/private/var/folders/hd/3mq_tls94rnf7268pdrr1_h80000gn/T/jogamp_0000/file_cache/jln1631277707339981295/jln5577595786501103790/libjogl_desktop.jnilib
0x0000000156c21000 	/Library/Java/JavaVirtualMachines/jdk1.8.0_202.jdk/Contents/Home/jre/lib/libt2k.dylib
0x00007ffb2be6a000 	/usr/lib/libRosetta.dylib

VM Arguments:
jvm_args: -Djava.security.policy=java.policy.applet -Dfile.encoding=UTF-8 -Dstdout.encoding=UTF-8 -Dstderr.encoding=UTF-8 
java_command: sun.applet.AppletViewer module4.EarthquakeCityMap1734172787755.html
java_class_path (initial): /Users/taoubajouini/eclipse-workspace/UCSDUnfoldingMaps/build:/Users/taoubajouini/eclipse-workspace/UCSDUnfoldingMaps/lib/core.jar:/Users/taoubajouini/eclipse-workspace/UCSDUnfoldingMaps/lib/gluegen-rt.jar:/Users/taoubajouini/eclipse-workspace/UCSDUnfoldingMaps/lib/jogl-all.jar:/Users/taoubajouini/eclipse-workspace/UCSDUnfoldingMaps/lib/log4j-1.2.15.jar:/Users/taoubajouini/eclipse-workspace/UCSDUnfoldingMaps/lib/sqlite-jdbc-3.7.2.jar:/Users/taoubajouini/eclipse-workspace/UCSDUnfoldingMaps/lib/json4processing.jar:/Users/taoubajouini/eclipse-workspace/UCSDUnfoldingMaps/lib/libTUIO.jar:/Users/taoubajouini/eclipse-workspace/UCSDUnfoldingMaps/lib/unfolding.0.9.7-uscd.jar
Launcher Type: SUN_STANDARD

Environment Variables:
PATH=/usr/bin:/bin:/usr/sbin:/sbin
SHELL=/bin/bash

Signal Handlers:
SIGSEGV: [libjvm.dylib+0x5b719d], sa_mask[0]=11111111011111110111111111111111, sa_flags=SA_ONSTACK|SA_RESTART|SA_SIGINFO
SIGBUS: [libjvm.dylib+0x5b719d], sa_mask[0]=11111111011111110111111111111111, sa_flags=SA_RESTART|SA_SIGINFO
SIGFPE: [libjvm.dylib+0x48c8fc], sa_mask[0]=11111111011111110111111111111111, sa_flags=SA_RESTART|SA_SIGINFO
SIGPIPE: [libjvm.dylib+0x48c8fc], sa_mask[0]=11111111011111110111111111111111, sa_flags=SA_RESTART|SA_SIGINFO
SIGXFSZ: [libjvm.dylib+0x48c8fc], sa_mask[0]=11111111011111110111111111111111, sa_flags=SA_RESTART|SA_SIGINFO
SIGILL: [libjvm.dylib+0x48c8fc], sa_mask[0]=11111111011111110111111111111111, sa_flags=SA_RESTART|SA_SIGINFO
SIGUSR1: SIG_DFL, sa_mask[0]=00000000000000000000000000000000, sa_flags=none
SIGUSR2: [libjvm.dylib+0x48c41a], sa_mask[0]=00000000000000000000000000000000, sa_flags=SA_RESTART|SA_SIGINFO
SIGHUP: [libjvm.dylib+0x48a9a5], sa_mask[0]=11111111011111110111111111111111, sa_flags=SA_RESTART|SA_SIGINFO
SIGINT: [libjvm.dylib+0x48a9a5], sa_mask[0]=11111111011111110111111111111111, sa_flags=SA_RESTART|SA_SIGINFO
SIGTERM: [libjvm.dylib+0x48a9a5], sa_mask[0]=11111111011111110111111111111111, sa_flags=SA_RESTART|SA_SIGINFO
SIGQUIT: [libjvm.dylib+0x48a9a5], sa_mask[0]=11111111011111110111111111111111, sa_flags=SA_RESTART|SA_SIGINFO


---------------  S Y S T E M  ---------------

OS:Bsduname:Darwin 21.6.0 Darwin Kernel Version 21.6.0: Thu Jul  6 22:18:26 PDT 2023; root:xnu-8020.240.18.702.13~1/RELEASE_X86_64 x86_64
rlimit: STACK 8192k, CORE 0k, NPROC 2784, NOFILE 10240, AS infinity
load average:3.83 2.48 2.11

CPU:total 12 (initial active 12) (6 cores per cpu, 2 threads per core) family 6 model 158 stepping 10, cmov, cx8, fxsr, mmx, sse, sse2, sse3, ssse3, sse4.1, sse4.2, popcnt, avx, avx2, aes, clmul, erms, 3dnowpref, lzcnt, ht, tsc, tscinvbit, bmi1, bmi2, adx

Memory: 4k page, physical 16777216k(242660k free)

/proc/meminfo:


vm_info: Java HotSpot(TM) 64-Bit Server VM (25.202-b08) for bsd-amd64 JRE (1.8.0_202-b08), built on Dec 15 2018 20:16:16 by "java_re" with gcc 4.2.1 (Based on Apple Inc. build 5658) (LLVM build 2336.11.00)

time: Sat Dec 14 11:41:16 2024
timezone: CET
elapsed time: 88 seconds (0d 0h 1m 28s)

